<?xml version="1.0" encoding="UTF-8"?>
<robot generator="Robot 7.0 (Python 3.11.3 on darwin)" generated="2024-03-14T11:05:39.043888" rpa="false" schemaversion="5">
<suite id="s1" name="Tests" source="/Users/brunaneves/Downloads/Cursos/robotframework/Apitesting/tests">
<suite id="s1-s1" name="Api Testing Users" source="/Users/brunaneves/Downloads/Cursos/robotframework/Apitesting/tests/api_testing_users.robot">
<test id="s1-s1-t1" name="Scenario 01: Registering a New User Successfully in ServeRest" line="9">
<kw name="Create a new user" owner="api_testing_users">
<kw name="Generate Random String" owner="String">
<msg time="2024-03-14T11:05:39.382053" level="INFO">${RANDOM_WORD} = tWKd</msg>
<var>${RANDOM_WORD}</var>
<arg>length=4</arg>
<arg>chars=[LETTERS]</arg>
<doc>Generates a string with a desired ``length`` from the given ``chars``.</doc>
<status status="PASS" start="2024-03-14T11:05:39.381772" elapsed="0.000313"/>
</kw>
<kw name="Convert To Lower Case" owner="String">
<msg time="2024-03-14T11:05:39.382381" level="INFO">${RANDOM_WORD} = twkd</msg>
<var>${RANDOM_WORD}</var>
<arg>${RANDOM_WORD}</arg>
<doc>Converts string to lower case.</doc>
<status status="PASS" start="2024-03-14T11:05:39.382222" elapsed="0.000182"/>
</kw>
<kw name="Set Test Variable" owner="BuiltIn">
<msg time="2024-03-14T11:05:39.383239" level="INFO">${EMAIL_TEST} = twkd@emailtest.com</msg>
<arg>${EMAIL_TEST}</arg>
<arg>${RANDOM_WORD}@emailtest.com</arg>
<doc>Makes a variable available everywhere within the scope of the current test.</doc>
<status status="PASS" start="2024-03-14T11:05:39.382518" elapsed="0.000762"/>
</kw>
<kw name="Log" owner="BuiltIn">
<msg time="2024-03-14T11:05:39.383519" level="INFO">twkd@emailtest.com</msg>
<arg>${EMAIL_TEST}</arg>
<doc>Logs the given message with the given level.</doc>
<status status="PASS" start="2024-03-14T11:05:39.383400" elapsed="0.000160"/>
</kw>
<status status="PASS" start="2024-03-14T11:05:39.381148" elapsed="0.002474"/>
</kw>
<kw name="Registering a user using the ServeRest API" owner="api_testing_users">
<kw name="Create Dictionary" owner="BuiltIn">
<msg time="2024-03-14T11:05:39.384511" level="INFO">${BODY} = {'nome': 'Bruna Neves', 'email': 'twkd@emailtest.com', 'password': '1234', 'administrador': 'true'}</msg>
<var>${BODY}</var>
<arg>nome=Bruna Neves</arg>
<arg>email=${EMAIL_TEST}</arg>
<arg>password=1234</arg>
<arg>administrador=true</arg>
<doc>Creates and returns a dictionary based on the given ``items``.</doc>
<status status="PASS" start="2024-03-14T11:05:39.384192" elapsed="0.000345"/>
</kw>
<kw name="Log" owner="BuiltIn">
<msg time="2024-03-14T11:05:39.384776" level="INFO">{'nome': 'Bruna Neves', 'email': 'twkd@emailtest.com', 'password': '1234', 'administrador': 'true'}</msg>
<arg>${BODY}</arg>
<doc>Logs the given message with the given level.</doc>
<status status="PASS" start="2024-03-14T11:05:39.384652" elapsed="0.000163"/>
</kw>
<kw name="Create Session in ServeRest" owner="api_testing_users">
<kw name="Create Dictionary" owner="BuiltIn">
<msg time="2024-03-14T11:05:39.385353" level="INFO">${HEADERS} = {'accept': 'application/json', 'Content-Type': 'application/json'}</msg>
<var>${HEADERS}</var>
<arg>accept=application/json</arg>
<arg>Content-Type=application/json</arg>
<doc>Creates and returns a dictionary based on the given ``items``.</doc>
<status status="PASS" start="2024-03-14T11:05:39.385188" elapsed="0.000190"/>
</kw>
<kw name="Create Session" owner="RequestsLibrary">
<msg time="2024-03-14T11:05:39.385662" level="INFO">Creating Session using : alias=ServeRest, url=https://serverest.dev, headers={'accept': 'application/json', 'Content-Type': 'application/json'},                     cookies={}, auth=None, timeout=None, proxies=None, verify=False,                     debug=0 </msg>
<arg>alias=ServeRest</arg>
<arg>url=https://serverest.dev</arg>
<arg>headers=${HEADERS}</arg>
<doc>Create Session: create a HTTP session to a server</doc>
<status status="PASS" start="2024-03-14T11:05:39.385481" elapsed="0.000458"/>
</kw>
<status status="PASS" start="2024-03-14T11:05:39.384940" elapsed="0.001061"/>
</kw>
<kw name="POST On Session" owner="RequestsLibrary">
<msg time="2024-03-14T11:05:39.625746" level="INFO">POST Request : url=https://serverest.dev/usuarios 
 path_url=/usuarios 
 headers={'User-Agent': 'python-requests/2.31.0', 'Accept-Encoding': 'gzip, deflate', 'accept': 'application/json', 'Connection': 'keep-alive', 'Content-Type': 'application/json', 'Content-Length': '99'} 
 body=b'{"nome": "Bruna Neves", "email": "twkd@emailtest.com", "password": "1234", "administrador": "true"}' 
 </msg>
<msg time="2024-03-14T11:05:39.625980" level="INFO">POST Response : url=https://serverest.dev/usuarios 
 status=201, reason=Created 
 headers={'access-control-allow-origin': '*', 'x-dns-prefetch-control': 'off', 'x-frame-options': 'SAMEORIGIN', 'strict-transport-security': 'max-age=15552000; includeSubDomains', 'x-download-options': 'noopen', 'x-content-type-options': 'nosniff', 'x-xss-protection': '1; mode=block', 'content-type': 'application/json; charset=utf-8', 'X-Cloud-Trace-Context': '5e716b6fa94a1d246f72abcbf5e4e007', 'Date': 'Thu, 14 Mar 2024 09:05:41 GMT', 'Server': 'Google Frontend', 'Content-Length': '82'} 
 body={
    "message": "Cadastro realizado com sucesso",
    "_id": "xZFjS6m1N8lATmoc"
} 
 </msg>
<msg time="2024-03-14T11:05:39.626166" level="INFO">/Library/Frameworks/Python.framework/Versions/3.11/lib/python3.11/site-packages/urllib3/connectionpool.py:1095: InsecureRequestWarning: Unverified HTTPS request is being made to host 'serverest.dev'. Adding certificate verification is strongly advised. See: https://urllib3.readthedocs.io/en/latest/advanced-usage.html#tls-warnings
  warnings.warn(</msg>
<msg time="2024-03-14T11:05:39.626448" level="INFO">${RESP} = &lt;Response [201]&gt;</msg>
<var>${RESP}</var>
<arg>alias=ServeRest</arg>
<arg>url=/usuarios</arg>
<arg>json=${BODY}</arg>
<arg>expected_status=${status_code}</arg>
<doc>Sends a POST request on a previously created HTTP Session.</doc>
<status status="PASS" start="2024-03-14T11:05:39.386088" elapsed="0.240422"/>
</kw>
<kw name="Log" owner="BuiltIn">
<msg time="2024-03-14T11:05:39.628162" level="INFO">{'message': 'Cadastro realizado com sucesso', '_id': 'xZFjS6m1N8lATmoc'}</msg>
<arg>${RESP.json()}</arg>
<doc>Logs the given message with the given level.</doc>
<status status="PASS" start="2024-03-14T11:05:39.626939" elapsed="0.001333"/>
</kw>
<if>
<branch type="IF" condition="${RESP.status_code} == 201">
<kw name="Set Test Variable" owner="BuiltIn">
<msg time="2024-03-14T11:05:39.630965" level="INFO">${ID_USER} = xZFjS6m1N8lATmoc</msg>
<arg>${ID_USER}</arg>
<arg>${RESP.json()["_id"]}</arg>
<doc>Makes a variable available everywhere within the scope of the current test.</doc>
<status status="PASS" start="2024-03-14T11:05:39.629433" elapsed="0.001615"/>
</kw>
<status status="PASS" start="2024-03-14T11:05:39.628473" elapsed="0.002632"/>
</branch>
<status status="PASS" start="2024-03-14T11:05:39.628420" elapsed="0.002731"/>
</if>
<kw name="Set Test Variable" owner="BuiltIn">
<msg time="2024-03-14T11:05:39.632555" level="INFO">${RESPONSE} = {'message': 'Cadastro realizado com sucesso', '_id': 'xZFjS6m1N8lATmoc'}</msg>
<arg>${RESPONSE}</arg>
<arg>${RESP.json()}</arg>
<doc>Makes a variable available everywhere within the scope of the current test.</doc>
<status status="PASS" start="2024-03-14T11:05:39.631309" elapsed="0.001299"/>
</kw>
<arg>email=${EMAIL_TEST}</arg>
<arg>status_code=201</arg>
<status status="PASS" start="2024-03-14T11:05:39.383868" elapsed="0.248823"/>
</kw>
<kw name="Check if the user was registered correctly" owner="api_testing_users">
<kw name="Log" owner="BuiltIn">
<msg time="2024-03-14T11:05:39.633961" level="INFO">{'message': 'Cadastro realizado com sucesso', '_id': 'xZFjS6m1N8lATmoc'}</msg>
<arg>${RESPONSE}</arg>
<doc>Logs the given message with the given level.</doc>
<status status="PASS" start="2024-03-14T11:05:39.633732" elapsed="0.000293"/>
</kw>
<kw name="Dictionary Should Contain Item" owner="Collections">
<msg time="2024-03-14T11:05:39.634528" level="INFO">False
False</msg>
<arg>${RESPONSE}</arg>
<arg>message</arg>
<arg>Cadastro realizado com sucesso</arg>
<doc>An item of ``key`` / ``value`` must be found in a ``dictionary``.</doc>
<status status="PASS" start="2024-03-14T11:05:39.634165" elapsed="0.000423"/>
</kw>
<kw name="Dictionary Should Contain Key" owner="Collections">
<msg time="2024-03-14T11:05:39.635051" level="INFO">False</msg>
<arg>${RESPONSE}</arg>
<arg>_id</arg>
<doc>Fails if ``key`` is not found from ``dictionary``.</doc>
<status status="PASS" start="2024-03-14T11:05:39.634865" elapsed="0.000227"/>
</kw>
<status status="PASS" start="2024-03-14T11:05:39.633047" elapsed="0.002119"/>
</kw>
<status status="PASS" start="2024-03-14T11:05:39.380615" elapsed="0.254709"/>
</test>
<test id="s1-s1-t2" name="Scenario 02: Registering an existing user" line="14">
<kw name="Create a new user" owner="api_testing_users">
<kw name="Generate Random String" owner="String">
<msg time="2024-03-14T11:05:39.636573" level="INFO">${RANDOM_WORD} = yDaT</msg>
<var>${RANDOM_WORD}</var>
<arg>length=4</arg>
<arg>chars=[LETTERS]</arg>
<doc>Generates a string with a desired ``length`` from the given ``chars``.</doc>
<status status="PASS" start="2024-03-14T11:05:39.636300" elapsed="0.000301"/>
</kw>
<kw name="Convert To Lower Case" owner="String">
<msg time="2024-03-14T11:05:39.636878" level="INFO">${RANDOM_WORD} = ydat</msg>
<var>${RANDOM_WORD}</var>
<arg>${RANDOM_WORD}</arg>
<doc>Converts string to lower case.</doc>
<status status="PASS" start="2024-03-14T11:05:39.636725" elapsed="0.000176"/>
</kw>
<kw name="Set Test Variable" owner="BuiltIn">
<msg time="2024-03-14T11:05:39.637744" level="INFO">${EMAIL_TEST} = ydat@emailtest.com</msg>
<arg>${EMAIL_TEST}</arg>
<arg>${RANDOM_WORD}@emailtest.com</arg>
<doc>Makes a variable available everywhere within the scope of the current test.</doc>
<status status="PASS" start="2024-03-14T11:05:39.637023" elapsed="0.000763"/>
</kw>
<kw name="Log" owner="BuiltIn">
<msg time="2024-03-14T11:05:39.638006" level="INFO">ydat@emailtest.com</msg>
<arg>${EMAIL_TEST}</arg>
<doc>Logs the given message with the given level.</doc>
<status status="PASS" start="2024-03-14T11:05:39.637891" elapsed="0.000159"/>
</kw>
<status status="PASS" start="2024-03-14T11:05:39.635905" elapsed="0.002203"/>
</kw>
<kw name="Registering a user using the ServeRest API" owner="api_testing_users">
<kw name="Create Dictionary" owner="BuiltIn">
<msg time="2024-03-14T11:05:39.639794" level="INFO">${BODY} = {'nome': 'Bruna Neves', 'email': 'ydat@emailtest.com', 'password': '1234', 'administrador': 'true'}</msg>
<var>${BODY}</var>
<arg>nome=Bruna Neves</arg>
<arg>email=${EMAIL_TEST}</arg>
<arg>password=1234</arg>
<arg>administrador=true</arg>
<doc>Creates and returns a dictionary based on the given ``items``.</doc>
<status status="PASS" start="2024-03-14T11:05:39.639079" elapsed="0.000750"/>
</kw>
<kw name="Log" owner="BuiltIn">
<msg time="2024-03-14T11:05:39.640151" level="INFO">{'nome': 'Bruna Neves', 'email': 'ydat@emailtest.com', 'password': '1234', 'administrador': 'true'}</msg>
<arg>${BODY}</arg>
<doc>Logs the given message with the given level.</doc>
<status status="PASS" start="2024-03-14T11:05:39.639984" elapsed="0.000214"/>
</kw>
<kw name="Create Session in ServeRest" owner="api_testing_users">
<kw name="Create Dictionary" owner="BuiltIn">
<msg time="2024-03-14T11:05:39.641305" level="INFO">${HEADERS} = {'accept': 'application/json', 'Content-Type': 'application/json'}</msg>
<var>${HEADERS}</var>
<arg>accept=application/json</arg>
<arg>Content-Type=application/json</arg>
<doc>Creates and returns a dictionary based on the given ``items``.</doc>
<status status="PASS" start="2024-03-14T11:05:39.641017" elapsed="0.000321"/>
</kw>
<kw name="Create Session" owner="RequestsLibrary">
<msg time="2024-03-14T11:05:39.641677" level="INFO">Creating Session using : alias=ServeRest, url=https://serverest.dev, headers={'accept': 'application/json', 'Content-Type': 'application/json'},                     cookies={}, auth=None, timeout=None, proxies=None, verify=False,                     debug=0 </msg>
<arg>alias=ServeRest</arg>
<arg>url=https://serverest.dev</arg>
<arg>headers=${HEADERS}</arg>
<doc>Create Session: create a HTTP session to a server</doc>
<status status="PASS" start="2024-03-14T11:05:39.641468" elapsed="0.000394"/>
</kw>
<status status="PASS" start="2024-03-14T11:05:39.640489" elapsed="0.001441"/>
</kw>
<kw name="POST On Session" owner="RequestsLibrary">
<msg time="2024-03-14T11:05:39.932815" level="INFO">POST Request : url=https://serverest.dev/usuarios 
 path_url=/usuarios 
 headers={'User-Agent': 'python-requests/2.31.0', 'Accept-Encoding': 'gzip, deflate', 'accept': 'application/json', 'Connection': 'keep-alive', 'Content-Type': 'application/json', 'Content-Length': '99'} 
 body=b'{"nome": "Bruna Neves", "email": "ydat@emailtest.com", "password": "1234", "administrador": "true"}' 
 </msg>
<msg time="2024-03-14T11:05:39.933006" level="INFO">POST Response : url=https://serverest.dev/usuarios 
 status=201, reason=Created 
 headers={'access-control-allow-origin': '*', 'x-dns-prefetch-control': 'off', 'x-frame-options': 'SAMEORIGIN', 'strict-transport-security': 'max-age=15552000; includeSubDomains', 'x-download-options': 'noopen', 'x-content-type-options': 'nosniff', 'x-xss-protection': '1; mode=block', 'content-type': 'application/json; charset=utf-8', 'X-Cloud-Trace-Context': 'd3035e1bc27c7b27e0acbd1fd423df29', 'Date': 'Thu, 14 Mar 2024 09:05:41 GMT', 'Server': 'Google Frontend', 'Content-Length': '82'} 
 body={
    "message": "Cadastro realizado com sucesso",
    "_id": "yPTXLudF1rGsvUgc"
} 
 </msg>
<msg time="2024-03-14T11:05:39.933144" level="INFO">/Library/Frameworks/Python.framework/Versions/3.11/lib/python3.11/site-packages/urllib3/connectionpool.py:1095: InsecureRequestWarning: Unverified HTTPS request is being made to host 'serverest.dev'. Adding certificate verification is strongly advised. See: https://urllib3.readthedocs.io/en/latest/advanced-usage.html#tls-warnings
  warnings.warn(</msg>
<msg time="2024-03-14T11:05:39.933393" level="INFO">${RESP} = &lt;Response [201]&gt;</msg>
<var>${RESP}</var>
<arg>alias=ServeRest</arg>
<arg>url=/usuarios</arg>
<arg>json=${BODY}</arg>
<arg>expected_status=${status_code}</arg>
<doc>Sends a POST request on a previously created HTTP Session.</doc>
<status status="PASS" start="2024-03-14T11:05:39.642023" elapsed="0.291425"/>
</kw>
<kw name="Log" owner="BuiltIn">
<msg time="2024-03-14T11:05:39.934900" level="INFO">{'message': 'Cadastro realizado com sucesso', '_id': 'yPTXLudF1rGsvUgc'}</msg>
<arg>${RESP.json()}</arg>
<doc>Logs the given message with the given level.</doc>
<status status="PASS" start="2024-03-14T11:05:39.933792" elapsed="0.001215"/>
</kw>
<if>
<branch type="IF" condition="${RESP.status_code} == 201">
<kw name="Set Test Variable" owner="BuiltIn">
<msg time="2024-03-14T11:05:39.937713" level="INFO">${ID_USER} = yPTXLudF1rGsvUgc</msg>
<arg>${ID_USER}</arg>
<arg>${RESP.json()["_id"]}</arg>
<doc>Makes a variable available everywhere within the scope of the current test.</doc>
<status status="PASS" start="2024-03-14T11:05:39.936249" elapsed="0.001533"/>
</kw>
<status status="PASS" start="2024-03-14T11:05:39.935188" elapsed="0.002651"/>
</branch>
<status status="PASS" start="2024-03-14T11:05:39.935144" elapsed="0.002736"/>
</if>
<kw name="Set Test Variable" owner="BuiltIn">
<msg time="2024-03-14T11:05:39.939442" level="INFO">${RESPONSE} = {'message': 'Cadastro realizado com sucesso', '_id': 'yPTXLudF1rGsvUgc'}</msg>
<arg>${RESPONSE}</arg>
<arg>${RESP.json()}</arg>
<doc>Makes a variable available everywhere within the scope of the current test.</doc>
<status status="PASS" start="2024-03-14T11:05:39.938037" elapsed="0.001457"/>
</kw>
<arg>email=${EMAIL_TEST}</arg>
<arg>status_code=201</arg>
<status status="PASS" start="2024-03-14T11:05:39.638357" elapsed="0.301216"/>
</kw>
<kw name="Repeat user registrantion" owner="api_testing_users">
<kw name="Registering a user using the ServeRest API" owner="api_testing_users">
<kw name="Create Dictionary" owner="BuiltIn">
<msg time="2024-03-14T11:05:39.941627" level="INFO">${BODY} = {'nome': 'Bruna Neves', 'email': 'ydat@emailtest.com', 'password': '1234', 'administrador': 'true'}</msg>
<var>${BODY}</var>
<arg>nome=Bruna Neves</arg>
<arg>email=${EMAIL_TEST}</arg>
<arg>password=1234</arg>
<arg>administrador=true</arg>
<doc>Creates and returns a dictionary based on the given ``items``.</doc>
<status status="PASS" start="2024-03-14T11:05:39.941105" elapsed="0.000660"/>
</kw>
<kw name="Log" owner="BuiltIn">
<msg time="2024-03-14T11:05:39.942154" level="INFO">{'nome': 'Bruna Neves', 'email': 'ydat@emailtest.com', 'password': '1234', 'administrador': 'true'}</msg>
<arg>${BODY}</arg>
<doc>Logs the given message with the given level.</doc>
<status status="PASS" start="2024-03-14T11:05:39.941957" elapsed="0.000246"/>
</kw>
<kw name="Create Session in ServeRest" owner="api_testing_users">
<kw name="Create Dictionary" owner="BuiltIn">
<msg time="2024-03-14T11:05:39.942825" level="INFO">${HEADERS} = {'accept': 'application/json', 'Content-Type': 'application/json'}</msg>
<var>${HEADERS}</var>
<arg>accept=application/json</arg>
<arg>Content-Type=application/json</arg>
<doc>Creates and returns a dictionary based on the given ``items``.</doc>
<status status="PASS" start="2024-03-14T11:05:39.942636" elapsed="0.000214"/>
</kw>
<kw name="Create Session" owner="RequestsLibrary">
<msg time="2024-03-14T11:05:39.943163" level="INFO">Creating Session using : alias=ServeRest, url=https://serverest.dev, headers={'accept': 'application/json', 'Content-Type': 'application/json'},                     cookies={}, auth=None, timeout=None, proxies=None, verify=False,                     debug=0 </msg>
<arg>alias=ServeRest</arg>
<arg>url=https://serverest.dev</arg>
<arg>headers=${HEADERS}</arg>
<doc>Create Session: create a HTTP session to a server</doc>
<status status="PASS" start="2024-03-14T11:05:39.942964" elapsed="0.000366"/>
</kw>
<status status="PASS" start="2024-03-14T11:05:39.942351" elapsed="0.001050"/>
</kw>
<kw name="POST On Session" owner="RequestsLibrary">
<msg time="2024-03-14T11:05:40.136985" level="INFO">POST Request : url=https://serverest.dev/usuarios 
 path_url=/usuarios 
 headers={'User-Agent': 'python-requests/2.31.0', 'Accept-Encoding': 'gzip, deflate', 'accept': 'application/json', 'Connection': 'keep-alive', 'Content-Type': 'application/json', 'Content-Length': '99'} 
 body=b'{"nome": "Bruna Neves", "email": "ydat@emailtest.com", "password": "1234", "administrador": "true"}' 
 </msg>
<msg time="2024-03-14T11:05:40.137165" level="INFO">POST Response : url=https://serverest.dev/usuarios 
 status=400, reason=Bad Request 
 headers={'access-control-allow-origin': '*', 'x-dns-prefetch-control': 'off', 'x-frame-options': 'SAMEORIGIN', 'strict-transport-security': 'max-age=15552000; includeSubDomains', 'x-download-options': 'noopen', 'x-content-type-options': 'nosniff', 'x-xss-protection': '1; mode=block', 'content-type': 'application/json; charset=utf-8', 'X-Cloud-Trace-Context': 'aec730da63db5eff8cad8ffbe6c4c24b', 'Date': 'Thu, 14 Mar 2024 09:05:41 GMT', 'Server': 'Google Frontend', 'Content-Length': '53'} 
 body={
    "message": "Este email já está sendo usado"
} 
 </msg>
<msg time="2024-03-14T11:05:40.137304" level="INFO">/Library/Frameworks/Python.framework/Versions/3.11/lib/python3.11/site-packages/urllib3/connectionpool.py:1095: InsecureRequestWarning: Unverified HTTPS request is being made to host 'serverest.dev'. Adding certificate verification is strongly advised. See: https://urllib3.readthedocs.io/en/latest/advanced-usage.html#tls-warnings
  warnings.warn(</msg>
<msg time="2024-03-14T11:05:40.137556" level="INFO">${RESP} = &lt;Response [400]&gt;</msg>
<var>${RESP}</var>
<arg>alias=ServeRest</arg>
<arg>url=/usuarios</arg>
<arg>json=${BODY}</arg>
<arg>expected_status=${status_code}</arg>
<doc>Sends a POST request on a previously created HTTP Session.</doc>
<status status="PASS" start="2024-03-14T11:05:39.943504" elapsed="0.194106"/>
</kw>
<kw name="Log" owner="BuiltIn">
<msg time="2024-03-14T11:05:40.139309" level="INFO">{'message': 'Este email já está sendo usado'}</msg>
<arg>${RESP.json()}</arg>
<doc>Logs the given message with the given level.</doc>
<status status="PASS" start="2024-03-14T11:05:40.138133" elapsed="0.001286"/>
</kw>
<if>
<branch type="IF" condition="${RESP.status_code} == 201">
<kw name="Set Test Variable" owner="BuiltIn">
<arg>${ID_USER}</arg>
<arg>${RESP.json()["_id"]}</arg>
<doc>Makes a variable available everywhere within the scope of the current test.</doc>
<status status="NOT RUN" start="2024-03-14T11:05:40.140731" elapsed="0.000037"/>
</kw>
<status status="NOT RUN" start="2024-03-14T11:05:40.139623" elapsed="0.001202"/>
</branch>
<status status="PASS" start="2024-03-14T11:05:40.139566" elapsed="0.001300"/>
</if>
<kw name="Set Test Variable" owner="BuiltIn">
<msg time="2024-03-14T11:05:40.141803" level="INFO">${RESPONSE} = {'message': 'Este email já está sendo usado'}</msg>
<arg>${RESPONSE}</arg>
<arg>${RESP.json()}</arg>
<doc>Makes a variable available everywhere within the scope of the current test.</doc>
<status status="PASS" start="2024-03-14T11:05:40.141008" elapsed="0.000864"/>
</kw>
<arg>email=${EMAIL_TEST}</arg>
<arg>status_code=400</arg>
<status status="PASS" start="2024-03-14T11:05:39.940626" elapsed="0.201339"/>
</kw>
<status status="PASS" start="2024-03-14T11:05:39.939798" elapsed="0.202244"/>
</kw>
<kw name="Check if the API did not register a repeat user" owner="api_testing_users">
<kw name="Dictionary Should Contain Item" owner="Collections">
<msg time="2024-03-14T11:05:40.143285" level="INFO">False
False</msg>
<arg>${RESPONSE}</arg>
<arg>message</arg>
<arg>Este email já está sendo usado</arg>
<doc>An item of ``key`` / ``value`` must be found in a ``dictionary``.</doc>
<status status="PASS" start="2024-03-14T11:05:40.142790" elapsed="0.000565"/>
</kw>
<status status="PASS" start="2024-03-14T11:05:40.142303" elapsed="0.001152"/>
</kw>
<status status="PASS" start="2024-03-14T11:05:39.635533" elapsed="0.508089"/>
</test>
<test id="s1-s1-t3" name="Scenario 03:" line="20">
<kw name="Create a new user" owner="api_testing_users">
<kw name="Generate Random String" owner="String">
<msg time="2024-03-14T11:05:40.145108" level="INFO">${RANDOM_WORD} = xAPo</msg>
<var>${RANDOM_WORD}</var>
<arg>length=4</arg>
<arg>chars=[LETTERS]</arg>
<doc>Generates a string with a desired ``length`` from the given ``chars``.</doc>
<status status="PASS" start="2024-03-14T11:05:40.144780" elapsed="0.000363"/>
</kw>
<kw name="Convert To Lower Case" owner="String">
<msg time="2024-03-14T11:05:40.145676" level="INFO">${RANDOM_WORD} = xapo</msg>
<var>${RANDOM_WORD}</var>
<arg>${RANDOM_WORD}</arg>
<doc>Converts string to lower case.</doc>
<status status="PASS" start="2024-03-14T11:05:40.145442" elapsed="0.000269"/>
</kw>
<kw name="Set Test Variable" owner="BuiltIn">
<msg time="2024-03-14T11:05:40.146966" level="INFO">${EMAIL_TEST} = xapo@emailtest.com</msg>
<arg>${EMAIL_TEST}</arg>
<arg>${RANDOM_WORD}@emailtest.com</arg>
<doc>Makes a variable available everywhere within the scope of the current test.</doc>
<status status="PASS" start="2024-03-14T11:05:40.145861" elapsed="0.001175"/>
</kw>
<kw name="Log" owner="BuiltIn">
<msg time="2024-03-14T11:05:40.147339" level="INFO">xapo@emailtest.com</msg>
<arg>${EMAIL_TEST}</arg>
<doc>Logs the given message with the given level.</doc>
<status status="PASS" start="2024-03-14T11:05:40.147194" elapsed="0.000187"/>
</kw>
<status status="PASS" start="2024-03-14T11:05:40.144466" elapsed="0.002973"/>
</kw>
<kw name="Registering a user using the ServeRest API" owner="api_testing_users">
<kw name="Create Dictionary" owner="BuiltIn">
<msg time="2024-03-14T11:05:40.148279" level="INFO">${BODY} = {'nome': 'Bruna Neves', 'email': 'xapo@emailtest.com', 'password': '1234', 'administrador': 'true'}</msg>
<var>${BODY}</var>
<arg>nome=Bruna Neves</arg>
<arg>email=${EMAIL_TEST}</arg>
<arg>password=1234</arg>
<arg>administrador=true</arg>
<doc>Creates and returns a dictionary based on the given ``items``.</doc>
<status status="PASS" start="2024-03-14T11:05:40.148047" elapsed="0.000256"/>
</kw>
<kw name="Log" owner="BuiltIn">
<msg time="2024-03-14T11:05:40.148522" level="INFO">{'nome': 'Bruna Neves', 'email': 'xapo@emailtest.com', 'password': '1234', 'administrador': 'true'}</msg>
<arg>${BODY}</arg>
<doc>Logs the given message with the given level.</doc>
<status status="PASS" start="2024-03-14T11:05:40.148409" elapsed="0.000235"/>
</kw>
<kw name="Create Session in ServeRest" owner="api_testing_users">
<kw name="Create Dictionary" owner="BuiltIn">
<msg time="2024-03-14T11:05:40.149144" level="INFO">${HEADERS} = {'accept': 'application/json', 'Content-Type': 'application/json'}</msg>
<var>${HEADERS}</var>
<arg>accept=application/json</arg>
<arg>Content-Type=application/json</arg>
<doc>Creates and returns a dictionary based on the given ``items``.</doc>
<status status="PASS" start="2024-03-14T11:05:40.148982" elapsed="0.000186"/>
</kw>
<kw name="Create Session" owner="RequestsLibrary">
<msg time="2024-03-14T11:05:40.149520" level="INFO">Creating Session using : alias=ServeRest, url=https://serverest.dev, headers={'accept': 'application/json', 'Content-Type': 'application/json'},                     cookies={}, auth=None, timeout=None, proxies=None, verify=False,                     debug=0 </msg>
<arg>alias=ServeRest</arg>
<arg>url=https://serverest.dev</arg>
<arg>headers=${HEADERS}</arg>
<doc>Create Session: create a HTTP session to a server</doc>
<status status="PASS" start="2024-03-14T11:05:40.149281" elapsed="0.000401"/>
</kw>
<status status="PASS" start="2024-03-14T11:05:40.148771" elapsed="0.000982"/>
</kw>
<kw name="POST On Session" owner="RequestsLibrary">
<msg time="2024-03-14T11:05:40.342445" level="INFO">POST Request : url=https://serverest.dev/usuarios 
 path_url=/usuarios 
 headers={'User-Agent': 'python-requests/2.31.0', 'Accept-Encoding': 'gzip, deflate', 'accept': 'application/json', 'Connection': 'keep-alive', 'Content-Type': 'application/json', 'Content-Length': '99'} 
 body=b'{"nome": "Bruna Neves", "email": "xapo@emailtest.com", "password": "1234", "administrador": "true"}' 
 </msg>
<msg time="2024-03-14T11:05:40.342848" level="INFO">POST Response : url=https://serverest.dev/usuarios 
 status=201, reason=Created 
 headers={'access-control-allow-origin': '*', 'x-dns-prefetch-control': 'off', 'x-frame-options': 'SAMEORIGIN', 'strict-transport-security': 'max-age=15552000; includeSubDomains', 'x-download-options': 'noopen', 'x-content-type-options': 'nosniff', 'x-xss-protection': '1; mode=block', 'content-type': 'application/json; charset=utf-8', 'X-Cloud-Trace-Context': '95590b72eef4950960901a53c7b1283f', 'Date': 'Thu, 14 Mar 2024 09:05:41 GMT', 'Server': 'Google Frontend', 'Content-Length': '82'} 
 body={
    "message": "Cadastro realizado com sucesso",
    "_id": "ztfxu6N3wdzhM46D"
} 
 </msg>
<msg time="2024-03-14T11:05:40.343042" level="INFO">/Library/Frameworks/Python.framework/Versions/3.11/lib/python3.11/site-packages/urllib3/connectionpool.py:1095: InsecureRequestWarning: Unverified HTTPS request is being made to host 'serverest.dev'. Adding certificate verification is strongly advised. See: https://urllib3.readthedocs.io/en/latest/advanced-usage.html#tls-warnings
  warnings.warn(</msg>
<msg time="2024-03-14T11:05:40.343298" level="INFO">${RESP} = &lt;Response [201]&gt;</msg>
<var>${RESP}</var>
<arg>alias=ServeRest</arg>
<arg>url=/usuarios</arg>
<arg>json=${BODY}</arg>
<arg>expected_status=${status_code}</arg>
<doc>Sends a POST request on a previously created HTTP Session.</doc>
<status status="PASS" start="2024-03-14T11:05:40.149859" elapsed="0.193496"/>
</kw>
<kw name="Log" owner="BuiltIn">
<msg time="2024-03-14T11:05:40.344926" level="INFO">{'message': 'Cadastro realizado com sucesso', '_id': 'ztfxu6N3wdzhM46D'}</msg>
<arg>${RESP.json()}</arg>
<doc>Logs the given message with the given level.</doc>
<status status="PASS" start="2024-03-14T11:05:40.343848" elapsed="0.001181"/>
</kw>
<if>
<branch type="IF" condition="${RESP.status_code} == 201">
<kw name="Set Test Variable" owner="BuiltIn">
<msg time="2024-03-14T11:05:40.347390" level="INFO">${ID_USER} = ztfxu6N3wdzhM46D</msg>
<arg>${ID_USER}</arg>
<arg>${RESP.json()["_id"]}</arg>
<doc>Makes a variable available everywhere within the scope of the current test.</doc>
<status status="PASS" start="2024-03-14T11:05:40.345983" elapsed="0.001474"/>
</kw>
<status status="PASS" start="2024-03-14T11:05:40.345209" elapsed="0.002305"/>
</branch>
<status status="PASS" start="2024-03-14T11:05:40.345165" elapsed="0.002392"/>
</if>
<kw name="Set Test Variable" owner="BuiltIn">
<msg time="2024-03-14T11:05:40.349278" level="INFO">${RESPONSE} = {'message': 'Cadastro realizado com sucesso', '_id': 'ztfxu6N3wdzhM46D'}</msg>
<arg>${RESPONSE}</arg>
<arg>${RESP.json()}</arg>
<doc>Makes a variable available everywhere within the scope of the current test.</doc>
<status status="PASS" start="2024-03-14T11:05:40.347709" elapsed="0.001644"/>
</kw>
<arg>email=${EMAIL_TEST}</arg>
<arg>status_code=201</arg>
<status status="PASS" start="2024-03-14T11:05:40.147703" elapsed="0.201742"/>
</kw>
<kw name="Query data for a new user" owner="api_testing_users">
<kw name="GET On Session" owner="RequestsLibrary">
<msg time="2024-03-14T11:05:40.547313" level="INFO">GET Request : url=https://serverest.dev/usuarios/ztfxu6N3wdzhM46D 
 path_url=/usuarios/ztfxu6N3wdzhM46D 
 headers={'User-Agent': 'python-requests/2.31.0', 'Accept-Encoding': 'gzip, deflate', 'accept': 'application/json', 'Connection': 'keep-alive', 'Content-Type': 'application/json'} 
 body=None 
 </msg>
<msg time="2024-03-14T11:05:40.547527" level="INFO">GET Response : url=https://serverest.dev/usuarios/ztfxu6N3wdzhM46D 
 status=200, reason=OK 
 headers={'access-control-allow-origin': '*', 'x-dns-prefetch-control': 'off', 'x-frame-options': 'SAMEORIGIN', 'strict-transport-security': 'max-age=15552000; includeSubDomains', 'x-download-options': 'noopen', 'x-content-type-options': 'nosniff', 'x-xss-protection': '1; mode=block', 'content-type': 'application/json; charset=utf-8', 'X-Cloud-Trace-Context': '7f159ff16157c84d3340e98fb3d20fe9', 'Date': 'Thu, 14 Mar 2024 09:05:42 GMT', 'Server': 'Google Frontend', 'Content-Length': '148'} 
 body={
    "nome": "Bruna Neves",
    "email": "xapo@emailtest.com",
    "password": "1234",
    "administrador": "true",
    "_id": "ztfxu6N3wdzhM46D"
} 
 </msg>
<msg time="2024-03-14T11:05:40.547775" level="INFO">/Library/Frameworks/Python.framework/Versions/3.11/lib/python3.11/site-packages/urllib3/connectionpool.py:1095: InsecureRequestWarning: Unverified HTTPS request is being made to host 'serverest.dev'. Adding certificate verification is strongly advised. See: https://urllib3.readthedocs.io/en/latest/advanced-usage.html#tls-warnings
  warnings.warn(</msg>
<msg time="2024-03-14T11:05:40.548030" level="INFO">${response_query} = &lt;Response [200]&gt;</msg>
<var>${response_query}</var>
<arg>alias=ServeRest</arg>
<arg>url=/usuarios/${ID_USER}</arg>
<doc>Sends a GET request on a previously created HTTP Session.</doc>
<status status="PASS" start="2024-03-14T11:05:40.350078" elapsed="0.198008"/>
</kw>
<kw name="Set Test Variable" owner="BuiltIn">
<msg time="2024-03-14T11:05:40.550888" level="INFO">${resp_query} = {'nome': 'Bruna Neves', 'email': 'xapo@emailtest.com', 'password': '1234', 'administrador': 'true', '_id': 'ztfxu6N3wdzhM46D'}</msg>
<arg>${resp_query}</arg>
<arg>${response_query.json()}</arg>
<doc>Makes a variable available everywhere within the scope of the current test.</doc>
<status status="PASS" start="2024-03-14T11:05:40.548560" elapsed="0.002402"/>
</kw>
<status status="PASS" start="2024-03-14T11:05:40.349694" elapsed="0.201372"/>
</kw>
<kw name="Verify returned data" owner="api_testing_users">
<kw name="Log" owner="BuiltIn">
<msg time="2024-03-14T11:05:40.552007" level="INFO">{'nome': 'Bruna Neves', 'email': 'xapo@emailtest.com', 'password': '1234', 'administrador': 'true', '_id': 'ztfxu6N3wdzhM46D'}</msg>
<arg>${resp_query}</arg>
<doc>Logs the given message with the given level.</doc>
<status status="PASS" start="2024-03-14T11:05:40.551805" elapsed="0.000378"/>
</kw>
<kw name="Dictionary Should Contain Item" owner="Collections">
<msg time="2024-03-14T11:05:40.552585" level="INFO">False
False</msg>
<arg>${resp_query}</arg>
<arg>nome</arg>
<arg>Bruna Neves</arg>
<doc>An item of ``key`` / ``value`` must be found in a ``dictionary``.</doc>
<status status="PASS" start="2024-03-14T11:05:40.552343" elapsed="0.000299"/>
</kw>
<kw name="Dictionary Should Contain Item" owner="Collections">
<msg time="2024-03-14T11:05:40.553148" level="INFO">False
False</msg>
<arg>${resp_query}</arg>
<arg>email</arg>
<arg>${EMAIL_TEST}</arg>
<doc>An item of ``key`` / ``value`` must be found in a ``dictionary``.</doc>
<status status="PASS" start="2024-03-14T11:05:40.552894" elapsed="0.000310"/>
</kw>
<kw name="Dictionary Should Contain Item" owner="Collections">
<msg time="2024-03-14T11:05:40.553558" level="INFO">False
False</msg>
<arg>${resp_query}</arg>
<arg>password</arg>
<arg>1234</arg>
<doc>An item of ``key`` / ``value`` must be found in a ``dictionary``.</doc>
<status status="PASS" start="2024-03-14T11:05:40.553354" elapsed="0.000274"/>
</kw>
<kw name="Dictionary Should Contain Item" owner="Collections">
<msg time="2024-03-14T11:05:40.553896" level="INFO">False
False</msg>
<arg>${resp_query}</arg>
<arg>administrador</arg>
<arg>true</arg>
<doc>An item of ``key`` / ``value`` must be found in a ``dictionary``.</doc>
<status status="PASS" start="2024-03-14T11:05:40.553741" elapsed="0.000197"/>
</kw>
<kw name="Dictionary Should Contain Item" owner="Collections">
<msg time="2024-03-14T11:05:40.554439" level="INFO">False
False</msg>
<arg>${resp_query}</arg>
<arg>_id</arg>
<arg>${ID_USER}</arg>
<doc>An item of ``key`` / ``value`` must be found in a ``dictionary``.</doc>
<status status="PASS" start="2024-03-14T11:05:40.554058" elapsed="0.000432"/>
</kw>
<status status="PASS" start="2024-03-14T11:05:40.551382" elapsed="0.003187"/>
</kw>
<status status="PASS" start="2024-03-14T11:05:40.144023" elapsed="0.410716"/>
</test>
<status status="PASS" start="2024-03-14T11:05:39.087585" elapsed="1.467600"/>
</suite>
<status status="PASS" start="2024-03-14T11:05:39.045360" elapsed="1.510457"/>
</suite>
<statistics>
<total>
<stat pass="3" fail="0" skip="0">All Tests</stat>
</total>
<tag>
</tag>
<suite>
<stat pass="3" fail="0" skip="0" id="s1" name="Tests">Tests</stat>
<stat pass="3" fail="0" skip="0" id="s1-s1" name="Api Testing Users">Tests.Api Testing Users</stat>
</suite>
</statistics>
<errors>
</errors>
</robot>
