<?xml version="1.0" encoding="UTF-8"?>
<robot generator="Robot 7.0 (Python 3.11.3 on darwin)" generated="2024-04-03T16:30:00.385131" rpa="false" schemaversion="5">
<suite id="s1" name="Api Testing Users" source="/Users/brunaneves/Downloads/Cursos/robotframework/Apitesting/tests/api_testing_users.robot">
<test id="s1-t1" name="Scenario 01: Registering a New User Successfully in ServeRest" line="9">
<kw name="Create a new user" owner="api_testing_users">
<kw name="Generate Random String" owner="String">
<msg time="2024-04-03T16:30:00.689489" level="INFO">${RANDOM_WORD} = ngLu</msg>
<var>${RANDOM_WORD}</var>
<arg>length=4</arg>
<arg>chars=[LETTERS]</arg>
<doc>Generates a string with a desired ``length`` from the given ``chars``.</doc>
<status status="PASS" start="2024-04-03T16:30:00.689218" elapsed="0.000304"/>
</kw>
<kw name="Convert To Lower Case" owner="String">
<msg time="2024-04-03T16:30:00.689873" level="INFO">${RANDOM_WORD} = nglu</msg>
<var>${RANDOM_WORD}</var>
<arg>${RANDOM_WORD}</arg>
<doc>Converts string to lower case.</doc>
<status status="PASS" start="2024-04-03T16:30:00.689718" elapsed="0.000177"/>
</kw>
<kw name="Set Test Variable" owner="BuiltIn">
<msg time="2024-04-03T16:30:00.690786" level="INFO">${EMAIL_TEST} = nglu@emailtest.com</msg>
<arg>${EMAIL_TEST}</arg>
<arg>${RANDOM_WORD}@emailtest.com</arg>
<doc>Makes a variable available everywhere within the scope of the current test.</doc>
<status status="PASS" start="2024-04-03T16:30:00.690005" elapsed="0.000825"/>
</kw>
<kw name="Log" owner="BuiltIn">
<msg time="2024-04-03T16:30:00.691058" level="INFO">nglu@emailtest.com</msg>
<arg>${EMAIL_TEST}</arg>
<doc>Logs the given message with the given level.</doc>
<status status="PASS" start="2024-04-03T16:30:00.690939" elapsed="0.000156"/>
</kw>
<status status="PASS" start="2024-04-03T16:30:00.688514" elapsed="0.002638"/>
</kw>
<kw name="Registering a user using the ServeRest API" owner="api_testing_users">
<kw name="Create Dictionary" owner="BuiltIn">
<msg time="2024-04-03T16:30:00.692029" level="INFO">${BODY} = {'nome': 'Bruna Neves', 'email': 'nglu@emailtest.com', 'password': '1234', 'administrador': 'true'}</msg>
<var>${BODY}</var>
<arg>nome=Bruna Neves</arg>
<arg>email=${EMAIL_TEST}</arg>
<arg>password=1234</arg>
<arg>administrador=true</arg>
<doc>Creates and returns a dictionary based on the given ``items``.</doc>
<status status="PASS" start="2024-04-03T16:30:00.691721" elapsed="0.000334"/>
</kw>
<kw name="Log" owner="BuiltIn">
<msg time="2024-04-03T16:30:00.692292" level="INFO">{'nome': 'Bruna Neves', 'email': 'nglu@emailtest.com', 'password': '1234', 'administrador': 'true'}</msg>
<arg>${BODY}</arg>
<doc>Logs the given message with the given level.</doc>
<status status="PASS" start="2024-04-03T16:30:00.692168" elapsed="0.000168"/>
</kw>
<kw name="Create Session in ServeRest" owner="api_testing_users">
<kw name="Create Dictionary" owner="BuiltIn">
<msg time="2024-04-03T16:30:00.692813" level="INFO">${HEADERS} = {'accept': 'application/json', 'Content-Type': 'application/json'}</msg>
<var>${HEADERS}</var>
<arg>accept=application/json</arg>
<arg>Content-Type=application/json</arg>
<doc>Creates and returns a dictionary based on the given ``items``.</doc>
<status status="PASS" start="2024-04-03T16:30:00.692660" elapsed="0.000212"/>
</kw>
<kw name="Create Session" owner="RequestsLibrary">
<msg time="2024-04-03T16:30:00.693292" level="INFO">Creating Session using : alias=ServeRest, url=https://serverest.dev, headers={'accept': 'application/json', 'Content-Type': 'application/json'},                     cookies={}, auth=None, timeout=None, proxies=None, verify=False,                     debug=0 </msg>
<arg>alias=ServeRest</arg>
<arg>url=https://serverest.dev</arg>
<arg>headers=${HEADERS}</arg>
<doc>Create Session: create a HTTP session to a server</doc>
<status status="PASS" start="2024-04-03T16:30:00.693067" elapsed="0.000547"/>
</kw>
<status status="PASS" start="2024-04-03T16:30:00.692454" elapsed="0.001239"/>
</kw>
<kw name="POST On Session" owner="RequestsLibrary">
<msg time="2024-04-03T16:30:01.002925" level="INFO">POST Request : url=https://serverest.dev/usuarios 
 path_url=/usuarios 
 headers={'User-Agent': 'python-requests/2.31.0', 'Accept-Encoding': 'gzip, deflate', 'accept': 'application/json', 'Connection': 'keep-alive', 'Content-Type': 'application/json', 'Content-Length': '99'} 
 body=b'{"nome": "Bruna Neves", "email": "nglu@emailtest.com", "password": "1234", "administrador": "true"}' 
 </msg>
<msg time="2024-04-03T16:30:01.003222" level="INFO">POST Response : url=https://serverest.dev/usuarios 
 status=201, reason=Created 
 headers={'access-control-allow-origin': '*', 'x-dns-prefetch-control': 'off', 'x-frame-options': 'SAMEORIGIN', 'strict-transport-security': 'max-age=15552000; includeSubDomains', 'x-download-options': 'noopen', 'x-content-type-options': 'nosniff', 'x-xss-protection': '1; mode=block', 'content-type': 'application/json; charset=utf-8', 'X-Cloud-Trace-Context': '1bc906c030ee4526bd90c53e6e35ad83;o=1', 'Date': 'Wed, 03 Apr 2024 13:30:00 GMT', 'Server': 'Google Frontend', 'Content-Length': '82'} 
 body={
    "message": "Cadastro realizado com sucesso",
    "_id": "g7wwikENuO2oCx11"
} 
 </msg>
<msg time="2024-04-03T16:30:01.003453" level="INFO">/Library/Frameworks/Python.framework/Versions/3.11/lib/python3.11/site-packages/urllib3/connectionpool.py:1095: InsecureRequestWarning: Unverified HTTPS request is being made to host 'serverest.dev'. Adding certificate verification is strongly advised. See: https://urllib3.readthedocs.io/en/latest/advanced-usage.html#tls-warnings
  warnings.warn(</msg>
<msg time="2024-04-03T16:30:01.003770" level="INFO">${RESP} = &lt;Response [201]&gt;</msg>
<var>${RESP}</var>
<arg>alias=ServeRest</arg>
<arg>url=/usuarios</arg>
<arg>json=${BODY}</arg>
<arg>expected_status=${status_code}</arg>
<doc>Sends a POST request on a previously created HTTP Session.</doc>
<status status="PASS" start="2024-04-03T16:30:00.693812" elapsed="0.310277"/>
</kw>
<kw name="Log" owner="BuiltIn">
<msg time="2024-04-03T16:30:01.005644" level="INFO">{'message': 'Cadastro realizado com sucesso', '_id': 'g7wwikENuO2oCx11'}</msg>
<arg>${RESP.json()}</arg>
<doc>Logs the given message with the given level.</doc>
<status status="PASS" start="2024-04-03T16:30:01.004471" elapsed="0.001281"/>
</kw>
<if>
<branch type="IF" condition="${RESP.status_code} == 201">
<kw name="Set Test Variable" owner="BuiltIn">
<msg time="2024-04-03T16:30:01.008490" level="INFO">${ID_USER} = g7wwikENuO2oCx11</msg>
<arg>${ID_USER}</arg>
<arg>${RESP.json()["_id"]}</arg>
<doc>Makes a variable available everywhere within the scope of the current test.</doc>
<status status="PASS" start="2024-04-03T16:30:01.007031" elapsed="0.001532"/>
</kw>
<status status="PASS" start="2024-04-03T16:30:01.005945" elapsed="0.002678"/>
</branch>
<status status="PASS" start="2024-04-03T16:30:01.005894" elapsed="0.002772"/>
</if>
<kw name="Set Test Variable" owner="BuiltIn">
<msg time="2024-04-03T16:30:01.010488" level="INFO">${RESPONSE} = {'message': 'Cadastro realizado com sucesso', '_id': 'g7wwikENuO2oCx11'}</msg>
<arg>${RESPONSE}</arg>
<arg>${RESP.json()}</arg>
<doc>Makes a variable available everywhere within the scope of the current test.</doc>
<status status="PASS" start="2024-04-03T16:30:01.008832" elapsed="0.001732"/>
</kw>
<arg>email=${EMAIL_TEST}</arg>
<arg>status_code=201</arg>
<status status="PASS" start="2024-04-03T16:30:00.691394" elapsed="0.319270"/>
</kw>
<kw name="Check if the user was registered correctly" owner="api_testing_users">
<kw name="Log" owner="BuiltIn">
<msg time="2024-04-03T16:30:01.011505" level="INFO">{'message': 'Cadastro realizado com sucesso', '_id': 'g7wwikENuO2oCx11'}</msg>
<arg>${RESPONSE}</arg>
<doc>Logs the given message with the given level.</doc>
<status status="PASS" start="2024-04-03T16:30:01.011327" elapsed="0.000241"/>
</kw>
<kw name="Dictionary Should Contain Item" owner="Collections">
<msg time="2024-04-03T16:30:01.011912" level="INFO">False
False</msg>
<arg>${RESPONSE}</arg>
<arg>message</arg>
<arg>Cadastro realizado com sucesso</arg>
<doc>An item of ``key`` / ``value`` must be found in a ``dictionary``.</doc>
<status status="PASS" start="2024-04-03T16:30:01.011699" elapsed="0.000261"/>
</kw>
<kw name="Dictionary Should Contain Key" owner="Collections">
<msg time="2024-04-03T16:30:01.012389" level="INFO">False</msg>
<arg>${RESPONSE}</arg>
<arg>_id</arg>
<doc>Fails if ``key`` is not found from ``dictionary``.</doc>
<status status="PASS" start="2024-04-03T16:30:01.012198" elapsed="0.000240"/>
</kw>
<status status="PASS" start="2024-04-03T16:30:01.010939" elapsed="0.001583"/>
</kw>
<status status="PASS" start="2024-04-03T16:30:00.687973" elapsed="0.324740"/>
</test>
<test id="s1-t2" name="Scenario 02: Registering an existing user" line="14">
<kw name="Create a new user" owner="api_testing_users">
<kw name="Generate Random String" owner="String">
<msg time="2024-04-03T16:30:01.014320" level="INFO">${RANDOM_WORD} = XDSy</msg>
<var>${RANDOM_WORD}</var>
<arg>length=4</arg>
<arg>chars=[LETTERS]</arg>
<doc>Generates a string with a desired ``length`` from the given ``chars``.</doc>
<status status="PASS" start="2024-04-03T16:30:01.014054" elapsed="0.000294"/>
</kw>
<kw name="Convert To Lower Case" owner="String">
<msg time="2024-04-03T16:30:01.014610" level="INFO">${RANDOM_WORD} = xdsy</msg>
<var>${RANDOM_WORD}</var>
<arg>${RANDOM_WORD}</arg>
<doc>Converts string to lower case.</doc>
<status status="PASS" start="2024-04-03T16:30:01.014464" elapsed="0.000167"/>
</kw>
<kw name="Set Test Variable" owner="BuiltIn">
<msg time="2024-04-03T16:30:01.015589" level="INFO">${EMAIL_TEST} = xdsy@emailtest.com</msg>
<arg>${EMAIL_TEST}</arg>
<arg>${RANDOM_WORD}@emailtest.com</arg>
<doc>Makes a variable available everywhere within the scope of the current test.</doc>
<status status="PASS" start="2024-04-03T16:30:01.014738" elapsed="0.000903"/>
</kw>
<kw name="Log" owner="BuiltIn">
<msg time="2024-04-03T16:30:01.015899" level="INFO">xdsy@emailtest.com</msg>
<arg>${EMAIL_TEST}</arg>
<doc>Logs the given message with the given level.</doc>
<status status="PASS" start="2024-04-03T16:30:01.015769" elapsed="0.000171"/>
</kw>
<status status="PASS" start="2024-04-03T16:30:01.013779" elapsed="0.002221"/>
</kw>
<kw name="Registering a user using the ServeRest API" owner="api_testing_users">
<kw name="Create Dictionary" owner="BuiltIn">
<msg time="2024-04-03T16:30:01.017055" level="INFO">${BODY} = {'nome': 'Bruna Neves', 'email': 'xdsy@emailtest.com', 'password': '1234', 'administrador': 'true'}</msg>
<var>${BODY}</var>
<arg>nome=Bruna Neves</arg>
<arg>email=${EMAIL_TEST}</arg>
<arg>password=1234</arg>
<arg>administrador=true</arg>
<doc>Creates and returns a dictionary based on the given ``items``.</doc>
<status status="PASS" start="2024-04-03T16:30:01.016605" elapsed="0.000477"/>
</kw>
<kw name="Log" owner="BuiltIn">
<msg time="2024-04-03T16:30:01.017327" level="INFO">{'nome': 'Bruna Neves', 'email': 'xdsy@emailtest.com', 'password': '1234', 'administrador': 'true'}</msg>
<arg>${BODY}</arg>
<doc>Logs the given message with the given level.</doc>
<status status="PASS" start="2024-04-03T16:30:01.017200" elapsed="0.000168"/>
</kw>
<kw name="Create Session in ServeRest" owner="api_testing_users">
<kw name="Create Dictionary" owner="BuiltIn">
<msg time="2024-04-03T16:30:01.017903" level="INFO">${HEADERS} = {'accept': 'application/json', 'Content-Type': 'application/json'}</msg>
<var>${HEADERS}</var>
<arg>accept=application/json</arg>
<arg>Content-Type=application/json</arg>
<doc>Creates and returns a dictionary based on the given ``items``.</doc>
<status status="PASS" start="2024-04-03T16:30:01.017737" elapsed="0.000190"/>
</kw>
<kw name="Create Session" owner="RequestsLibrary">
<msg time="2024-04-03T16:30:01.018229" level="INFO">Creating Session using : alias=ServeRest, url=https://serverest.dev, headers={'accept': 'application/json', 'Content-Type': 'application/json'},                     cookies={}, auth=None, timeout=None, proxies=None, verify=False,                     debug=0 </msg>
<arg>alias=ServeRest</arg>
<arg>url=https://serverest.dev</arg>
<arg>headers=${HEADERS}</arg>
<doc>Create Session: create a HTTP session to a server</doc>
<status status="PASS" start="2024-04-03T16:30:01.018029" elapsed="0.000370"/>
</kw>
<status status="PASS" start="2024-04-03T16:30:01.017506" elapsed="0.000960"/>
</kw>
<kw name="POST On Session" owner="RequestsLibrary">
<msg time="2024-04-03T16:30:01.205318" level="INFO">POST Request : url=https://serverest.dev/usuarios 
 path_url=/usuarios 
 headers={'User-Agent': 'python-requests/2.31.0', 'Accept-Encoding': 'gzip, deflate', 'accept': 'application/json', 'Connection': 'keep-alive', 'Content-Type': 'application/json', 'Content-Length': '99'} 
 body=b'{"nome": "Bruna Neves", "email": "xdsy@emailtest.com", "password": "1234", "administrador": "true"}' 
 </msg>
<msg time="2024-04-03T16:30:01.205506" level="INFO">POST Response : url=https://serverest.dev/usuarios 
 status=201, reason=Created 
 headers={'access-control-allow-origin': '*', 'x-dns-prefetch-control': 'off', 'x-frame-options': 'SAMEORIGIN', 'strict-transport-security': 'max-age=15552000; includeSubDomains', 'x-download-options': 'noopen', 'x-content-type-options': 'nosniff', 'x-xss-protection': '1; mode=block', 'content-type': 'application/json; charset=utf-8', 'X-Cloud-Trace-Context': '14e6f3d847391e3e6579733cc0ea4e52', 'Date': 'Wed, 03 Apr 2024 13:30:01 GMT', 'Server': 'Google Frontend', 'Content-Length': '82'} 
 body={
    "message": "Cadastro realizado com sucesso",
    "_id": "NPpQR4v84T4ndlf1"
} 
 </msg>
<msg time="2024-04-03T16:30:01.205652" level="INFO">/Library/Frameworks/Python.framework/Versions/3.11/lib/python3.11/site-packages/urllib3/connectionpool.py:1095: InsecureRequestWarning: Unverified HTTPS request is being made to host 'serverest.dev'. Adding certificate verification is strongly advised. See: https://urllib3.readthedocs.io/en/latest/advanced-usage.html#tls-warnings
  warnings.warn(</msg>
<msg time="2024-04-03T16:30:01.205914" level="INFO">${RESP} = &lt;Response [201]&gt;</msg>
<var>${RESP}</var>
<arg>alias=ServeRest</arg>
<arg>url=/usuarios</arg>
<arg>json=${BODY}</arg>
<arg>expected_status=${status_code}</arg>
<doc>Sends a POST request on a previously created HTTP Session.</doc>
<status status="PASS" start="2024-04-03T16:30:01.018560" elapsed="0.187411"/>
</kw>
<kw name="Log" owner="BuiltIn">
<msg time="2024-04-03T16:30:01.207547" level="INFO">{'message': 'Cadastro realizado com sucesso', '_id': 'NPpQR4v84T4ndlf1'}</msg>
<arg>${RESP.json()}</arg>
<doc>Logs the given message with the given level.</doc>
<status status="PASS" start="2024-04-03T16:30:01.206335" elapsed="0.001319"/>
</kw>
<if>
<branch type="IF" condition="${RESP.status_code} == 201">
<kw name="Set Test Variable" owner="BuiltIn">
<msg time="2024-04-03T16:30:01.210138" level="INFO">${ID_USER} = NPpQR4v84T4ndlf1</msg>
<arg>${ID_USER}</arg>
<arg>${RESP.json()["_id"]}</arg>
<doc>Makes a variable available everywhere within the scope of the current test.</doc>
<status status="PASS" start="2024-04-03T16:30:01.208776" elapsed="0.001428"/>
</kw>
<status status="PASS" start="2024-04-03T16:30:01.207838" elapsed="0.002423"/>
</branch>
<status status="PASS" start="2024-04-03T16:30:01.207791" elapsed="0.002512"/>
</if>
<kw name="Set Test Variable" owner="BuiltIn">
<msg time="2024-04-03T16:30:01.211793" level="INFO">${RESPONSE} = {'message': 'Cadastro realizado com sucesso', '_id': 'NPpQR4v84T4ndlf1'}</msg>
<arg>${RESPONSE}</arg>
<arg>${RESP.json()}</arg>
<doc>Makes a variable available everywhere within the scope of the current test.</doc>
<status status="PASS" start="2024-04-03T16:30:01.210456" elapsed="0.001388"/>
</kw>
<arg>email=${EMAIL_TEST}</arg>
<arg>status_code=201</arg>
<status status="PASS" start="2024-04-03T16:30:01.016251" elapsed="0.195672"/>
</kw>
<kw name="Repeat user registrantion" owner="api_testing_users">
<kw name="Registering a user using the ServeRest API" owner="api_testing_users">
<kw name="Create Dictionary" owner="BuiltIn">
<msg time="2024-04-03T16:30:01.213698" level="INFO">${BODY} = {'nome': 'Bruna Neves', 'email': 'xdsy@emailtest.com', 'password': '1234', 'administrador': 'true'}</msg>
<var>${BODY}</var>
<arg>nome=Bruna Neves</arg>
<arg>email=${EMAIL_TEST}</arg>
<arg>password=1234</arg>
<arg>administrador=true</arg>
<doc>Creates and returns a dictionary based on the given ``items``.</doc>
<status status="PASS" start="2024-04-03T16:30:01.213357" elapsed="0.000376"/>
</kw>
<kw name="Log" owner="BuiltIn">
<msg time="2024-04-03T16:30:01.214116" level="INFO">{'nome': 'Bruna Neves', 'email': 'xdsy@emailtest.com', 'password': '1234', 'administrador': 'true'}</msg>
<arg>${BODY}</arg>
<doc>Logs the given message with the given level.</doc>
<status status="PASS" start="2024-04-03T16:30:01.213963" elapsed="0.000868"/>
</kw>
<kw name="Create Session in ServeRest" owner="api_testing_users">
<kw name="Create Dictionary" owner="BuiltIn">
<msg time="2024-04-03T16:30:01.215834" level="INFO">${HEADERS} = {'accept': 'application/json', 'Content-Type': 'application/json'}</msg>
<var>${HEADERS}</var>
<arg>accept=application/json</arg>
<arg>Content-Type=application/json</arg>
<doc>Creates and returns a dictionary based on the given ``items``.</doc>
<status status="PASS" start="2024-04-03T16:30:01.215549" elapsed="0.000325"/>
</kw>
<kw name="Create Session" owner="RequestsLibrary">
<msg time="2024-04-03T16:30:01.216358" level="INFO">Creating Session using : alias=ServeRest, url=https://serverest.dev, headers={'accept': 'application/json', 'Content-Type': 'application/json'},                     cookies={}, auth=None, timeout=None, proxies=None, verify=False,                     debug=0 </msg>
<arg>alias=ServeRest</arg>
<arg>url=https://serverest.dev</arg>
<arg>headers=${HEADERS}</arg>
<doc>Create Session: create a HTTP session to a server</doc>
<status status="PASS" start="2024-04-03T16:30:01.216056" elapsed="0.000541"/>
</kw>
<status status="PASS" start="2024-04-03T16:30:01.215105" elapsed="0.001605"/>
</kw>
<kw name="POST On Session" owner="RequestsLibrary">
<msg time="2024-04-03T16:30:01.409751" level="INFO">POST Request : url=https://serverest.dev/usuarios 
 path_url=/usuarios 
 headers={'User-Agent': 'python-requests/2.31.0', 'Accept-Encoding': 'gzip, deflate', 'accept': 'application/json', 'Connection': 'keep-alive', 'Content-Type': 'application/json', 'Content-Length': '99'} 
 body=b'{"nome": "Bruna Neves", "email": "xdsy@emailtest.com", "password": "1234", "administrador": "true"}' 
 </msg>
<msg time="2024-04-03T16:30:01.409873" level="INFO">POST Response : url=https://serverest.dev/usuarios 
 status=400, reason=Bad Request 
 headers={'access-control-allow-origin': '*', 'x-dns-prefetch-control': 'off', 'x-frame-options': 'SAMEORIGIN', 'strict-transport-security': 'max-age=15552000; includeSubDomains', 'x-download-options': 'noopen', 'x-content-type-options': 'nosniff', 'x-xss-protection': '1; mode=block', 'content-type': 'application/json; charset=utf-8', 'X-Cloud-Trace-Context': 'd2761649967e3f6fdbd24713733234c0', 'Date': 'Wed, 03 Apr 2024 13:30:01 GMT', 'Server': 'Google Frontend', 'Content-Length': '53'} 
 body={
    "message": "Este email já está sendo usado"
} 
 </msg>
<msg time="2024-04-03T16:30:01.409978" level="INFO">/Library/Frameworks/Python.framework/Versions/3.11/lib/python3.11/site-packages/urllib3/connectionpool.py:1095: InsecureRequestWarning: Unverified HTTPS request is being made to host 'serverest.dev'. Adding certificate verification is strongly advised. See: https://urllib3.readthedocs.io/en/latest/advanced-usage.html#tls-warnings
  warnings.warn(</msg>
<msg time="2024-04-03T16:30:01.410199" level="INFO">${RESP} = &lt;Response [400]&gt;</msg>
<var>${RESP}</var>
<arg>alias=ServeRest</arg>
<arg>url=/usuarios</arg>
<arg>json=${BODY}</arg>
<arg>expected_status=${status_code}</arg>
<doc>Sends a POST request on a previously created HTTP Session.</doc>
<status status="PASS" start="2024-04-03T16:30:01.216874" elapsed="0.193385"/>
</kw>
<kw name="Log" owner="BuiltIn">
<msg time="2024-04-03T16:30:01.412006" level="INFO">{'message': 'Este email já está sendo usado'}</msg>
<arg>${RESP.json()}</arg>
<doc>Logs the given message with the given level.</doc>
<status status="PASS" start="2024-04-03T16:30:01.410590" elapsed="0.001521"/>
</kw>
<if>
<branch type="IF" condition="${RESP.status_code} == 201">
<kw name="Set Test Variable" owner="BuiltIn">
<arg>${ID_USER}</arg>
<arg>${RESP.json()["_id"]}</arg>
<doc>Makes a variable available everywhere within the scope of the current test.</doc>
<status status="NOT RUN" start="2024-04-03T16:30:01.413049" elapsed="0.000028"/>
</kw>
<status status="NOT RUN" start="2024-04-03T16:30:01.412253" elapsed="0.000871"/>
</branch>
<status status="PASS" start="2024-04-03T16:30:01.412218" elapsed="0.000939"/>
</if>
<kw name="Set Test Variable" owner="BuiltIn">
<msg time="2024-04-03T16:30:01.413882" level="INFO">${RESPONSE} = {'message': 'Este email já está sendo usado'}</msg>
<arg>${RESPONSE}</arg>
<arg>${RESP.json()}</arg>
<doc>Makes a variable available everywhere within the scope of the current test.</doc>
<status status="PASS" start="2024-04-03T16:30:01.413268" elapsed="0.000666"/>
</kw>
<arg>email=${EMAIL_TEST}</arg>
<arg>status_code=400</arg>
<status status="PASS" start="2024-04-03T16:30:01.212861" elapsed="0.201145"/>
</kw>
<status status="PASS" start="2024-04-03T16:30:01.212156" elapsed="0.201910"/>
</kw>
<kw name="Check if the API did not register a repeat user" owner="api_testing_users">
<kw name="Dictionary Should Contain Item" owner="Collections">
<msg time="2024-04-03T16:30:01.414964" level="INFO">False
False</msg>
<arg>${RESPONSE}</arg>
<arg>message</arg>
<arg>Este email já está sendo usado</arg>
<doc>An item of ``key`` / ``value`` must be found in a ``dictionary``.</doc>
<status status="PASS" start="2024-04-03T16:30:01.414582" elapsed="0.000434"/>
</kw>
<status status="PASS" start="2024-04-03T16:30:01.414273" elapsed="0.000813"/>
</kw>
<status status="PASS" start="2024-04-03T16:30:01.013354" elapsed="0.401886"/>
</test>
<test id="s1-t3" name="Scenario 03:" line="20">
<kw name="Create a new user" owner="api_testing_users">
<kw name="Generate Random String" owner="String">
<msg time="2024-04-03T16:30:01.416743" level="INFO">${RANDOM_WORD} = ZRGL</msg>
<var>${RANDOM_WORD}</var>
<arg>length=4</arg>
<arg>chars=[LETTERS]</arg>
<doc>Generates a string with a desired ``length`` from the given ``chars``.</doc>
<status status="PASS" start="2024-04-03T16:30:01.416485" elapsed="0.000287"/>
</kw>
<kw name="Convert To Lower Case" owner="String">
<msg time="2024-04-03T16:30:01.417046" level="INFO">${RANDOM_WORD} = zrgl</msg>
<var>${RANDOM_WORD}</var>
<arg>${RANDOM_WORD}</arg>
<doc>Converts string to lower case.</doc>
<status status="PASS" start="2024-04-03T16:30:01.416891" elapsed="0.000187"/>
</kw>
<kw name="Set Test Variable" owner="BuiltIn">
<msg time="2024-04-03T16:30:01.417965" level="INFO">${EMAIL_TEST} = zrgl@emailtest.com</msg>
<arg>${EMAIL_TEST}</arg>
<arg>${RANDOM_WORD}@emailtest.com</arg>
<doc>Makes a variable available everywhere within the scope of the current test.</doc>
<status status="PASS" start="2024-04-03T16:30:01.417218" elapsed="0.000804"/>
</kw>
<kw name="Log" owner="BuiltIn">
<msg time="2024-04-03T16:30:01.418496" level="INFO">zrgl@emailtest.com</msg>
<arg>${EMAIL_TEST}</arg>
<doc>Logs the given message with the given level.</doc>
<status status="PASS" start="2024-04-03T16:30:01.418281" elapsed="0.000281"/>
</kw>
<status status="PASS" start="2024-04-03T16:30:01.416221" elapsed="0.002433"/>
</kw>
<kw name="Registering a user using the ServeRest API" owner="api_testing_users">
<kw name="Create Dictionary" owner="BuiltIn">
<msg time="2024-04-03T16:30:01.419716" level="INFO">${BODY} = {'nome': 'Bruna Neves', 'email': 'zrgl@emailtest.com', 'password': '1234', 'administrador': 'true'}</msg>
<var>${BODY}</var>
<arg>nome=Bruna Neves</arg>
<arg>email=${EMAIL_TEST}</arg>
<arg>password=1234</arg>
<arg>administrador=true</arg>
<doc>Creates and returns a dictionary based on the given ``items``.</doc>
<status status="PASS" start="2024-04-03T16:30:01.419460" elapsed="0.000284"/>
</kw>
<kw name="Log" owner="BuiltIn">
<msg time="2024-04-03T16:30:01.420014" level="INFO">{'nome': 'Bruna Neves', 'email': 'zrgl@emailtest.com', 'password': '1234', 'administrador': 'true'}</msg>
<arg>${BODY}</arg>
<doc>Logs the given message with the given level.</doc>
<status status="PASS" start="2024-04-03T16:30:01.419884" elapsed="0.000174"/>
</kw>
<kw name="Create Session in ServeRest" owner="api_testing_users">
<kw name="Create Dictionary" owner="BuiltIn">
<msg time="2024-04-03T16:30:01.420705" level="INFO">${HEADERS} = {'accept': 'application/json', 'Content-Type': 'application/json'}</msg>
<var>${HEADERS}</var>
<arg>accept=application/json</arg>
<arg>Content-Type=application/json</arg>
<doc>Creates and returns a dictionary based on the given ``items``.</doc>
<status status="PASS" start="2024-04-03T16:30:01.420531" elapsed="0.000197"/>
</kw>
<kw name="Create Session" owner="RequestsLibrary">
<msg time="2024-04-03T16:30:01.421008" level="INFO">Creating Session using : alias=ServeRest, url=https://serverest.dev, headers={'accept': 'application/json', 'Content-Type': 'application/json'},                     cookies={}, auth=None, timeout=None, proxies=None, verify=False,                     debug=0 </msg>
<arg>alias=ServeRest</arg>
<arg>url=https://serverest.dev</arg>
<arg>headers=${HEADERS}</arg>
<doc>Create Session: create a HTTP session to a server</doc>
<status status="PASS" start="2024-04-03T16:30:01.420828" elapsed="0.000324"/>
</kw>
<status status="PASS" start="2024-04-03T16:30:01.420291" elapsed="0.000923"/>
</kw>
<kw name="POST On Session" owner="RequestsLibrary">
<msg time="2024-04-03T16:30:01.613293" level="INFO">POST Request : url=https://serverest.dev/usuarios 
 path_url=/usuarios 
 headers={'User-Agent': 'python-requests/2.31.0', 'Accept-Encoding': 'gzip, deflate', 'accept': 'application/json', 'Connection': 'keep-alive', 'Content-Type': 'application/json', 'Content-Length': '99'} 
 body=b'{"nome": "Bruna Neves", "email": "zrgl@emailtest.com", "password": "1234", "administrador": "true"}' 
 </msg>
<msg time="2024-04-03T16:30:01.613382" level="INFO">POST Response : url=https://serverest.dev/usuarios 
 status=201, reason=Created 
 headers={'access-control-allow-origin': '*', 'x-dns-prefetch-control': 'off', 'x-frame-options': 'SAMEORIGIN', 'strict-transport-security': 'max-age=15552000; includeSubDomains', 'x-download-options': 'noopen', 'x-content-type-options': 'nosniff', 'x-xss-protection': '1; mode=block', 'content-type': 'application/json; charset=utf-8', 'X-Cloud-Trace-Context': 'e492d4d36b3b9e4ec9f71be990414c18', 'Date': 'Wed, 03 Apr 2024 13:30:01 GMT', 'Server': 'Google Frontend', 'Content-Length': '82'} 
 body={
    "message": "Cadastro realizado com sucesso",
    "_id": "dKxVjunutyt1XgPQ"
} 
 </msg>
<msg time="2024-04-03T16:30:01.613457" level="INFO">/Library/Frameworks/Python.framework/Versions/3.11/lib/python3.11/site-packages/urllib3/connectionpool.py:1095: InsecureRequestWarning: Unverified HTTPS request is being made to host 'serverest.dev'. Adding certificate verification is strongly advised. See: https://urllib3.readthedocs.io/en/latest/advanced-usage.html#tls-warnings
  warnings.warn(</msg>
<msg time="2024-04-03T16:30:01.613782" level="INFO">${RESP} = &lt;Response [201]&gt;</msg>
<var>${RESP}</var>
<arg>alias=ServeRest</arg>
<arg>url=/usuarios</arg>
<arg>json=${BODY}</arg>
<arg>expected_status=${status_code}</arg>
<doc>Sends a POST request on a previously created HTTP Session.</doc>
<status status="PASS" start="2024-04-03T16:30:01.421304" elapsed="0.192511"/>
</kw>
<kw name="Log" owner="BuiltIn">
<msg time="2024-04-03T16:30:01.614450" level="INFO">{'message': 'Cadastro realizado com sucesso', '_id': 'dKxVjunutyt1XgPQ'}</msg>
<arg>${RESP.json()}</arg>
<doc>Logs the given message with the given level.</doc>
<status status="PASS" start="2024-04-03T16:30:01.613977" elapsed="0.000518"/>
</kw>
<if>
<branch type="IF" condition="${RESP.status_code} == 201">
<kw name="Set Test Variable" owner="BuiltIn">
<msg time="2024-04-03T16:30:01.615839" level="INFO">${ID_USER} = dKxVjunutyt1XgPQ</msg>
<arg>${ID_USER}</arg>
<arg>${RESP.json()["_id"]}</arg>
<doc>Makes a variable available everywhere within the scope of the current test.</doc>
<status status="PASS" start="2024-04-03T16:30:01.615013" elapsed="0.000867"/>
</kw>
<status status="PASS" start="2024-04-03T16:30:01.614580" elapsed="0.001336"/>
</branch>
<status status="PASS" start="2024-04-03T16:30:01.614555" elapsed="0.001388"/>
</if>
<kw name="Set Test Variable" owner="BuiltIn">
<msg time="2024-04-03T16:30:01.616870" level="INFO">${RESPONSE} = {'message': 'Cadastro realizado com sucesso', '_id': 'dKxVjunutyt1XgPQ'}</msg>
<arg>${RESPONSE}</arg>
<arg>${RESP.json()}</arg>
<doc>Makes a variable available everywhere within the scope of the current test.</doc>
<status status="PASS" start="2024-04-03T16:30:01.616037" elapsed="0.000873"/>
</kw>
<arg>email=${EMAIL_TEST}</arg>
<arg>status_code=201</arg>
<status status="PASS" start="2024-04-03T16:30:01.419076" elapsed="0.197896"/>
</kw>
<kw name="Query data for a new user" owner="api_testing_users">
<kw name="GET On Session" owner="RequestsLibrary">
<msg time="2024-04-03T16:30:01.764975" level="INFO">GET Request : url=https://serverest.dev/usuarios/dKxVjunutyt1XgPQ 
 path_url=/usuarios/dKxVjunutyt1XgPQ 
 headers={'User-Agent': 'python-requests/2.31.0', 'Accept-Encoding': 'gzip, deflate', 'accept': 'application/json', 'Connection': 'keep-alive', 'Content-Type': 'application/json'} 
 body=None 
 </msg>
<msg time="2024-04-03T16:30:01.765387" level="INFO">GET Response : url=https://serverest.dev/usuarios/dKxVjunutyt1XgPQ 
 status=200, reason=OK 
 headers={'access-control-allow-origin': '*', 'x-dns-prefetch-control': 'off', 'x-frame-options': 'SAMEORIGIN', 'strict-transport-security': 'max-age=15552000; includeSubDomains', 'x-download-options': 'noopen', 'x-content-type-options': 'nosniff', 'x-xss-protection': '1; mode=block', 'content-type': 'application/json; charset=utf-8', 'X-Cloud-Trace-Context': 'c31e3d61c92a9d0733cc6a92a5b4df7e', 'Date': 'Wed, 03 Apr 2024 13:30:01 GMT', 'Server': 'Google Frontend', 'Content-Length': '148'} 
 body={
    "nome": "Bruna Neves",
    "email": "zrgl@emailtest.com",
    "password": "1234",
    "administrador": "true",
    "_id": "dKxVjunutyt1XgPQ"
} 
 </msg>
<msg time="2024-04-03T16:30:01.765539" level="INFO">/Library/Frameworks/Python.framework/Versions/3.11/lib/python3.11/site-packages/urllib3/connectionpool.py:1095: InsecureRequestWarning: Unverified HTTPS request is being made to host 'serverest.dev'. Adding certificate verification is strongly advised. See: https://urllib3.readthedocs.io/en/latest/advanced-usage.html#tls-warnings
  warnings.warn(</msg>
<msg time="2024-04-03T16:30:01.765806" level="INFO">${response_query} = &lt;Response [200]&gt;</msg>
<var>${response_query}</var>
<arg>alias=ServeRest</arg>
<arg>url=/usuarios/${ID_USER}</arg>
<doc>Sends a GET request on a previously created HTTP Session.</doc>
<status status="PASS" start="2024-04-03T16:30:01.617578" elapsed="0.148287"/>
</kw>
<kw name="Set Test Variable" owner="BuiltIn">
<msg time="2024-04-03T16:30:01.768416" level="INFO">${resp_query} = {'nome': 'Bruna Neves', 'email': 'zrgl@emailtest.com', 'password': '1234', 'administrador': 'true', '_id': 'dKxVjunutyt1XgPQ'}</msg>
<arg>${resp_query}</arg>
<arg>${response_query.json()}</arg>
<doc>Makes a variable available everywhere within the scope of the current test.</doc>
<status status="PASS" start="2024-04-03T16:30:01.766192" elapsed="0.002324"/>
</kw>
<status status="PASS" start="2024-04-03T16:30:01.617155" elapsed="0.151482"/>
</kw>
<kw name="Verify returned data" owner="api_testing_users">
<kw name="Log" owner="BuiltIn">
<msg time="2024-04-03T16:30:01.770021" level="INFO">{'nome': 'Bruna Neves', 'email': 'zrgl@emailtest.com', 'password': '1234', 'administrador': 'true', '_id': 'dKxVjunutyt1XgPQ'}</msg>
<arg>${resp_query}</arg>
<doc>Logs the given message with the given level.</doc>
<status status="PASS" start="2024-04-03T16:30:01.769763" elapsed="0.000335"/>
</kw>
<kw name="Dictionary Should Contain Item" owner="Collections">
<msg time="2024-04-03T16:30:01.770547" level="INFO">False
False</msg>
<arg>${resp_query}</arg>
<arg>nome</arg>
<arg>Bruna Neves</arg>
<doc>An item of ``key`` / ``value`` must be found in a ``dictionary``.</doc>
<status status="PASS" start="2024-04-03T16:30:01.770278" elapsed="0.000315"/>
</kw>
<kw name="Dictionary Should Contain Item" owner="Collections">
<msg time="2024-04-03T16:30:01.771027" level="INFO">False
False</msg>
<arg>${resp_query}</arg>
<arg>email</arg>
<arg>${EMAIL_TEST}</arg>
<doc>An item of ``key`` / ``value`` must be found in a ``dictionary``.</doc>
<status status="PASS" start="2024-04-03T16:30:01.770721" elapsed="0.000354"/>
</kw>
<kw name="Dictionary Should Contain Item" owner="Collections">
<msg time="2024-04-03T16:30:01.771772" level="INFO">False
False</msg>
<arg>${resp_query}</arg>
<arg>password</arg>
<arg>1234</arg>
<doc>An item of ``key`` / ``value`` must be found in a ``dictionary``.</doc>
<status status="PASS" start="2024-04-03T16:30:01.771526" elapsed="0.000320"/>
</kw>
<kw name="Dictionary Should Contain Item" owner="Collections">
<msg time="2024-04-03T16:30:01.772239" level="INFO">False
False</msg>
<arg>${resp_query}</arg>
<arg>administrador</arg>
<arg>true</arg>
<doc>An item of ``key`` / ``value`` must be found in a ``dictionary``.</doc>
<status status="PASS" start="2024-04-03T16:30:01.772035" elapsed="0.000250"/>
</kw>
<kw name="Dictionary Should Contain Item" owner="Collections">
<msg time="2024-04-03T16:30:01.772672" level="INFO">False
False</msg>
<arg>${resp_query}</arg>
<arg>_id</arg>
<arg>${ID_USER}</arg>
<doc>An item of ``key`` / ``value`` must be found in a ``dictionary``.</doc>
<status status="PASS" start="2024-04-03T16:30:01.772417" elapsed="0.000324"/>
</kw>
<status status="PASS" start="2024-04-03T16:30:01.769057" elapsed="0.003803"/>
</kw>
<status status="PASS" start="2024-04-03T16:30:01.415812" elapsed="0.357326"/>
</test>
<status status="PASS" start="2024-04-03T16:30:00.387510" elapsed="1.386081"/>
</suite>
<statistics>
<total>
<stat pass="3" fail="0" skip="0">All Tests</stat>
</total>
<tag>
</tag>
<suite>
<stat pass="3" fail="0" skip="0" id="s1" name="Api Testing Users">Api Testing Users</stat>
</suite>
</statistics>
<errors>
</errors>
</robot>
