<?xml version="1.0" encoding="UTF-8"?>
<robot generator="Robot 7.0 (Python 3.11.3 on darwin)" generated="2024-02-26T16:24:57.047115" rpa="false" schemaversion="5">
<suite id="s1" name="Api Testing Users" source="/Users/brunaneves/Downloads/Cursos/robotframework/Apitesting/tests/api_testing_users.robot">
<test id="s1-t1" name="Scenario 01: Registering a New User Successfully in ServeRest" line="9">
<kw name="Create a new user" owner="api_testing_users">
<kw name="Generate Random String" owner="String">
<msg time="2024-02-26T16:24:57.214544" level="INFO">${RANDOM_WORD} = QFsf</msg>
<var>${RANDOM_WORD}</var>
<arg>length=4</arg>
<arg>chars=[LETTERS]</arg>
<doc>Generates a string with a desired ``length`` from the given ``chars``.</doc>
<status status="PASS" start="2024-02-26T16:24:57.214270" elapsed="0.000306"/>
</kw>
<kw name="Convert To Lower Case" owner="String">
<msg time="2024-02-26T16:24:57.214864" level="INFO">${RANDOM_WORD} = qfsf</msg>
<var>${RANDOM_WORD}</var>
<arg>${RANDOM_WORD}</arg>
<doc>Converts string to lower case.</doc>
<status status="PASS" start="2024-02-26T16:24:57.214706" elapsed="0.000184"/>
</kw>
<kw name="Set Test Variable" owner="BuiltIn">
<msg time="2024-02-26T16:24:57.215700" level="INFO">${EMAIL} = qfsf@emailtest.com</msg>
<arg>${EMAIL}</arg>
<arg>${RANDOM_WORD}@emailtest.com</arg>
<doc>Makes a variable available everywhere within the scope of the current test.</doc>
<status status="PASS" start="2024-02-26T16:24:57.215003" elapsed="0.000738"/>
</kw>
<kw name="Log" owner="BuiltIn">
<msg time="2024-02-26T16:24:57.215972" level="INFO">qfsf@emailtest.com</msg>
<arg>${EMAIL}</arg>
<doc>Logs the given message with the given level.</doc>
<status status="PASS" start="2024-02-26T16:24:57.215847" elapsed="0.000163"/>
</kw>
<status status="PASS" start="2024-02-26T16:24:57.213721" elapsed="0.002345"/>
</kw>
<kw name="Registering a user using the ServeRest API" owner="api_testing_users">
<kw name="Create Dictionary" owner="BuiltIn">
<msg time="2024-02-26T16:24:57.216908" level="INFO">${BODY} = {'nome': 'Bruna Neves', 'email': 'qfsf@emailtest.com', 'password': '1234', 'administrador': 'true'}</msg>
<var>${BODY}</var>
<arg>nome=Bruna Neves</arg>
<arg>email=${EMAIL}</arg>
<arg>password=1234</arg>
<arg>administrador=true</arg>
<doc>Creates and returns a dictionary based on the given ``items``.</doc>
<status status="PASS" start="2024-02-26T16:24:57.216569" elapsed="0.000368"/>
</kw>
<kw name="Log" owner="BuiltIn">
<msg time="2024-02-26T16:24:57.217183" level="INFO">{'nome': 'Bruna Neves', 'email': 'qfsf@emailtest.com', 'password': '1234', 'administrador': 'true'}</msg>
<arg>${BODY}</arg>
<doc>Logs the given message with the given level.</doc>
<status status="PASS" start="2024-02-26T16:24:57.217055" elapsed="0.000169"/>
</kw>
<kw name="Create Session in ServeRest" owner="api_testing_users">
<kw name="Create Dictionary" owner="BuiltIn">
<msg time="2024-02-26T16:24:57.217721" level="INFO">${HEADERS} = {'accept': 'application/json', 'Content-Type': 'application/json'}</msg>
<var>${HEADERS}</var>
<arg>accept=application/json</arg>
<arg>Content-Type=application/json</arg>
<doc>Creates and returns a dictionary based on the given ``items``.</doc>
<status status="PASS" start="2024-02-26T16:24:57.217563" elapsed="0.000183"/>
</kw>
<kw name="Create Session" owner="RequestsLibrary">
<msg time="2024-02-26T16:24:57.218036" level="INFO">Creating Session using : alias=ServeRest, url=https://serverest.dev, headers={'accept': 'application/json', 'Content-Type': 'application/json'},                     cookies={}, auth=None, timeout=None, proxies=None, verify=False,                     debug=0 </msg>
<arg>alias=ServeRest</arg>
<arg>url=https://serverest.dev</arg>
<arg>headers=${HEADERS}</arg>
<doc>Create Session: create a HTTP session to a server</doc>
<status status="PASS" start="2024-02-26T16:24:57.217851" elapsed="0.000356"/>
</kw>
<status status="PASS" start="2024-02-26T16:24:57.217345" elapsed="0.000921"/>
</kw>
<kw name="POST On Session" owner="RequestsLibrary">
<msg time="2024-02-26T16:24:57.483475" level="INFO">POST Request : url=https://serverest.dev/usuarios 
 path_url=/usuarios 
 headers={'User-Agent': 'python-requests/2.31.0', 'Accept-Encoding': 'gzip, deflate', 'accept': 'application/json', 'Connection': 'keep-alive', 'Content-Type': 'application/json', 'Content-Length': '99'} 
 body=b'{"nome": "Bruna Neves", "email": "qfsf@emailtest.com", "password": "1234", "administrador": "true"}' 
 </msg>
<msg time="2024-02-26T16:24:57.483696" level="INFO">POST Response : url=https://serverest.dev/usuarios 
 status=201, reason=Created 
 headers={'access-control-allow-origin': '*', 'x-dns-prefetch-control': 'off', 'x-frame-options': 'SAMEORIGIN', 'strict-transport-security': 'max-age=15552000; includeSubDomains', 'x-download-options': 'noopen', 'x-content-type-options': 'nosniff', 'x-xss-protection': '1; mode=block', 'content-type': 'application/json; charset=utf-8', 'X-Cloud-Trace-Context': '34f6b67dd786c7009ee376e582770718;o=1', 'Date': 'Mon, 26 Feb 2024 14:24:57 GMT', 'Server': 'Google Frontend', 'Content-Length': '82'} 
 body={
    "message": "Cadastro realizado com sucesso",
    "_id": "jLf2e4txXRdXmfXn"
} 
 </msg>
<msg time="2024-02-26T16:24:57.484066" level="INFO">/Library/Frameworks/Python.framework/Versions/3.11/lib/python3.11/site-packages/urllib3/connectionpool.py:1095: InsecureRequestWarning: Unverified HTTPS request is being made to host 'serverest.dev'. Adding certificate verification is strongly advised. See: https://urllib3.readthedocs.io/en/latest/advanced-usage.html#tls-warnings
  warnings.warn(</msg>
<msg time="2024-02-26T16:24:57.484285" level="INFO">${RESP} = &lt;Response [201]&gt;</msg>
<var>${RESP}</var>
<arg>alias=ServeRest</arg>
<arg>url=/usuarios</arg>
<arg>json=${BODY}</arg>
<doc>Sends a POST request on a previously created HTTP Session.</doc>
<status status="PASS" start="2024-02-26T16:24:57.218351" elapsed="0.265978"/>
</kw>
<kw name="Log" owner="BuiltIn">
<msg time="2024-02-26T16:24:57.485374" level="INFO">{'message': 'Cadastro realizado com sucesso', '_id': 'jLf2e4txXRdXmfXn'}</msg>
<arg>${RESP.json()}</arg>
<doc>Logs the given message with the given level.</doc>
<status status="PASS" start="2024-02-26T16:24:57.484588" elapsed="0.000855"/>
</kw>
<status status="PASS" start="2024-02-26T16:24:57.216286" elapsed="0.269263"/>
</kw>
<status status="PASS" start="2024-02-26T16:24:57.213222" elapsed="0.272617"/>
</test>
<status status="PASS" start="2024-02-26T16:24:57.049053" elapsed="0.437262"/>
</suite>
<statistics>
<total>
<stat pass="1" fail="0" skip="0">All Tests</stat>
</total>
<tag>
</tag>
<suite>
<stat pass="1" fail="0" skip="0" id="s1" name="Api Testing Users">Api Testing Users</stat>
</suite>
</statistics>
<errors>
</errors>
</robot>
