<?xml version="1.0" encoding="UTF-8"?>
<robot generator="Robot 7.0 (Python 3.11.3 on darwin)" generated="2024-02-29T11:25:59.346867" rpa="false" schemaversion="5">
<suite id="s1" name="Api Testing Users" source="/Users/brunaneves/Downloads/Cursos/robotframework/Apitesting/tests/api_testing_users.robot">
<test id="s1-t1" name="Scenario 01: Registering a New User Successfully in ServeRest" line="9">
<kw name="Create a new user" owner="api_testing_users">
<kw name="Generate Random String" owner="String">
<msg time="2024-02-29T11:25:59.543553" level="INFO">${RANDOM_WORD} = bahS</msg>
<var>${RANDOM_WORD}</var>
<arg>length=4</arg>
<arg>chars=[LETTERS]</arg>
<doc>Generates a string with a desired ``length`` from the given ``chars``.</doc>
<status status="PASS" start="2024-02-29T11:25:59.543281" elapsed="0.000304"/>
</kw>
<kw name="Convert To Lower Case" owner="String">
<msg time="2024-02-29T11:25:59.543880" level="INFO">${RANDOM_WORD} = bahs</msg>
<var>${RANDOM_WORD}</var>
<arg>${RANDOM_WORD}</arg>
<doc>Converts string to lower case.</doc>
<status status="PASS" start="2024-02-29T11:25:59.543721" elapsed="0.000182"/>
</kw>
<kw name="Set Test Variable" owner="BuiltIn">
<msg time="2024-02-29T11:25:59.544748" level="INFO">${EMAIL_TEST} = bahs@emailtest.com</msg>
<arg>${EMAIL_TEST}</arg>
<arg>${RANDOM_WORD}@emailtest.com</arg>
<doc>Makes a variable available everywhere within the scope of the current test.</doc>
<status status="PASS" start="2024-02-29T11:25:59.544017" elapsed="0.000775"/>
</kw>
<kw name="Log" owner="BuiltIn">
<msg time="2024-02-29T11:25:59.545015" level="INFO">bahs@emailtest.com</msg>
<arg>${EMAIL_TEST}</arg>
<doc>Logs the given message with the given level.</doc>
<status status="PASS" start="2024-02-29T11:25:59.544899" elapsed="0.000154"/>
</kw>
<status status="PASS" start="2024-02-29T11:25:59.542660" elapsed="0.002447"/>
</kw>
<kw name="Registering a user using the ServeRest API" owner="api_testing_users">
<kw name="Create Dictionary" owner="BuiltIn">
<msg time="2024-02-29T11:25:59.546016" level="INFO">${BODY} = {'nome': 'Bruna Neves', 'email': 'bahs@emailtest.com', 'password': '1234', 'administrador': 'true'}</msg>
<var>${BODY}</var>
<arg>nome=Bruna Neves</arg>
<arg>email=${EMAIL_TEST}</arg>
<arg>password=1234</arg>
<arg>administrador=true</arg>
<doc>Creates and returns a dictionary based on the given ``items``.</doc>
<status status="PASS" start="2024-02-29T11:25:59.545692" elapsed="0.000351"/>
</kw>
<kw name="Log" owner="BuiltIn">
<msg time="2024-02-29T11:25:59.546288" level="INFO">{'nome': 'Bruna Neves', 'email': 'bahs@emailtest.com', 'password': '1234', 'administrador': 'true'}</msg>
<arg>${BODY}</arg>
<doc>Logs the given message with the given level.</doc>
<status status="PASS" start="2024-02-29T11:25:59.546162" elapsed="0.000166"/>
</kw>
<kw name="Create Session in ServeRest" owner="api_testing_users">
<kw name="Create Dictionary" owner="BuiltIn">
<msg time="2024-02-29T11:25:59.546825" level="INFO">${HEADERS} = {'accept': 'application/json', 'Content-Type': 'application/json'}</msg>
<var>${HEADERS}</var>
<arg>accept=application/json</arg>
<arg>Content-Type=application/json</arg>
<doc>Creates and returns a dictionary based on the given ``items``.</doc>
<status status="PASS" start="2024-02-29T11:25:59.546664" elapsed="0.000186"/>
</kw>
<kw name="Create Session" owner="RequestsLibrary">
<msg time="2024-02-29T11:25:59.547161" level="INFO">Creating Session using : alias=ServeRest, url=https://serverest.dev, headers={'accept': 'application/json', 'Content-Type': 'application/json'},                     cookies={}, auth=None, timeout=None, proxies=None, verify=False,                     debug=0 </msg>
<arg>alias=ServeRest</arg>
<arg>url=https://serverest.dev</arg>
<arg>headers=${HEADERS}</arg>
<doc>Create Session: create a HTTP session to a server</doc>
<status status="PASS" start="2024-02-29T11:25:59.546964" elapsed="0.000369"/>
</kw>
<status status="PASS" start="2024-02-29T11:25:59.546448" elapsed="0.000945"/>
</kw>
<kw name="POST On Session" owner="RequestsLibrary">
<msg time="2024-02-29T11:25:59.805236" level="INFO">POST Request : url=https://serverest.dev/usuarios 
 path_url=/usuarios 
 headers={'User-Agent': 'python-requests/2.31.0', 'Accept-Encoding': 'gzip, deflate', 'accept': 'application/json', 'Connection': 'keep-alive', 'Content-Type': 'application/json', 'Content-Length': '99'} 
 body=b'{"nome": "Bruna Neves", "email": "bahs@emailtest.com", "password": "1234", "administrador": "true"}' 
 </msg>
<msg time="2024-02-29T11:25:59.805406" level="INFO">POST Response : url=https://serverest.dev/usuarios 
 status=201, reason=Created 
 headers={'access-control-allow-origin': '*', 'x-dns-prefetch-control': 'off', 'x-frame-options': 'SAMEORIGIN', 'strict-transport-security': 'max-age=15552000; includeSubDomains', 'x-download-options': 'noopen', 'x-content-type-options': 'nosniff', 'x-xss-protection': '1; mode=block', 'content-type': 'application/json; charset=utf-8', 'X-Cloud-Trace-Context': '24866baad744df09dd5556ddfb7a4fbf;o=1', 'Date': 'Thu, 29 Feb 2024 09:25:59 GMT', 'Server': 'Google Frontend', 'Content-Length': '82'} 
 body={
    "message": "Cadastro realizado com sucesso",
    "_id": "g01J9IOm0Kq1iBvx"
} 
 </msg>
<msg time="2024-02-29T11:25:59.805530" level="INFO">/Library/Frameworks/Python.framework/Versions/3.11/lib/python3.11/site-packages/urllib3/connectionpool.py:1095: InsecureRequestWarning: Unverified HTTPS request is being made to host 'serverest.dev'. Adding certificate verification is strongly advised. See: https://urllib3.readthedocs.io/en/latest/advanced-usage.html#tls-warnings
  warnings.warn(</msg>
<msg time="2024-02-29T11:25:59.805719" level="INFO">${RESP} = &lt;Response [201]&gt;</msg>
<var>${RESP}</var>
<arg>alias=ServeRest</arg>
<arg>url=/usuarios</arg>
<arg>json=${BODY}</arg>
<arg>expected_status=${status_code}</arg>
<doc>Sends a POST request on a previously created HTTP Session.</doc>
<status status="PASS" start="2024-02-29T11:25:59.547478" elapsed="0.258281"/>
</kw>
<kw name="Log" owner="BuiltIn">
<msg time="2024-02-29T11:25:59.806652" level="INFO">{'message': 'Cadastro realizado com sucesso', '_id': 'g01J9IOm0Kq1iBvx'}</msg>
<arg>${RESP.json()}</arg>
<doc>Logs the given message with the given level.</doc>
<status status="PASS" start="2024-02-29T11:25:59.806014" elapsed="0.000693"/>
</kw>
<kw name="Set Test Variable" owner="BuiltIn">
<msg time="2024-02-29T11:25:59.807991" level="INFO">${RESPONSE} = {'message': 'Cadastro realizado com sucesso', '_id': 'g01J9IOm0Kq1iBvx'}</msg>
<arg>${RESPONSE}</arg>
<arg>${RESP.json()}</arg>
<doc>Makes a variable available everywhere within the scope of the current test.</doc>
<status status="PASS" start="2024-02-29T11:25:59.806846" elapsed="0.001197"/>
</kw>
<arg>email=${EMAIL_TEST}</arg>
<arg>status_code=201</arg>
<status status="PASS" start="2024-02-29T11:25:59.545303" elapsed="0.262821"/>
</kw>
<kw name="Check if the user was registered correctly" owner="api_testing_users">
<kw name="Log" owner="BuiltIn">
<msg time="2024-02-29T11:25:59.809085" level="INFO">{'message': 'Cadastro realizado com sucesso', '_id': 'g01J9IOm0Kq1iBvx'}</msg>
<arg>${RESPONSE}</arg>
<doc>Logs the given message with the given level.</doc>
<status status="PASS" start="2024-02-29T11:25:59.808915" elapsed="0.000214"/>
</kw>
<kw name="Dictionary Should Contain Item" owner="Collections">
<msg time="2024-02-29T11:25:59.809388" level="INFO">False
False</msg>
<arg>${RESPONSE}</arg>
<arg>message</arg>
<arg>Cadastro realizado com sucesso</arg>
<doc>An item of ``key`` / ``value`` must be found in a ``dictionary``.</doc>
<status status="PASS" start="2024-02-29T11:25:59.809227" elapsed="0.000197"/>
</kw>
<kw name="Dictionary Should Contain Key" owner="Collections">
<msg time="2024-02-29T11:25:59.809650" level="INFO">False</msg>
<arg>${RESPONSE}</arg>
<arg>_id</arg>
<doc>Fails if ``key`` is not found from ``dictionary``.</doc>
<status status="PASS" start="2024-02-29T11:25:59.809518" elapsed="0.000172"/>
</kw>
<status status="PASS" start="2024-02-29T11:25:59.808574" elapsed="0.001176"/>
</kw>
<status status="PASS" start="2024-02-29T11:25:59.542143" elapsed="0.267749"/>
</test>
<test id="s1-t2" name="Scenario 02: Registering an existing user" line="14">
<kw name="Create a new user" owner="api_testing_users">
<kw name="Generate Random String" owner="String">
<msg time="2024-02-29T11:25:59.811333" level="INFO">${RANDOM_WORD} = MUlg</msg>
<var>${RANDOM_WORD}</var>
<arg>length=4</arg>
<arg>chars=[LETTERS]</arg>
<doc>Generates a string with a desired ``length`` from the given ``chars``.</doc>
<status status="PASS" start="2024-02-29T11:25:59.811007" elapsed="0.000354"/>
</kw>
<kw name="Convert To Lower Case" owner="String">
<msg time="2024-02-29T11:25:59.811645" level="INFO">${RANDOM_WORD} = mulg</msg>
<var>${RANDOM_WORD}</var>
<arg>${RANDOM_WORD}</arg>
<doc>Converts string to lower case.</doc>
<status status="PASS" start="2024-02-29T11:25:59.811485" elapsed="0.000183"/>
</kw>
<kw name="Set Test Variable" owner="BuiltIn">
<msg time="2024-02-29T11:25:59.812564" level="INFO">${EMAIL_TEST} = mulg@emailtest.com</msg>
<arg>${EMAIL_TEST}</arg>
<arg>${RANDOM_WORD}@emailtest.com</arg>
<doc>Makes a variable available everywhere within the scope of the current test.</doc>
<status status="PASS" start="2024-02-29T11:25:59.811787" elapsed="0.000823"/>
</kw>
<kw name="Log" owner="BuiltIn">
<msg time="2024-02-29T11:25:59.812840" level="INFO">mulg@emailtest.com</msg>
<arg>${EMAIL_TEST}</arg>
<doc>Logs the given message with the given level.</doc>
<status status="PASS" start="2024-02-29T11:25:59.812721" elapsed="0.000160"/>
</kw>
<status status="PASS" start="2024-02-29T11:25:59.810602" elapsed="0.002337"/>
</kw>
<kw name="Registering a user using the ServeRest API" owner="api_testing_users">
<kw name="Create Dictionary" owner="BuiltIn">
<msg time="2024-02-29T11:25:59.813775" level="INFO">${BODY} = {'nome': 'Bruna Neves', 'email': 'mulg@emailtest.com', 'password': '1234', 'administrador': 'true'}</msg>
<var>${BODY}</var>
<arg>nome=Bruna Neves</arg>
<arg>email=${EMAIL_TEST}</arg>
<arg>password=1234</arg>
<arg>administrador=true</arg>
<doc>Creates and returns a dictionary based on the given ``items``.</doc>
<status status="PASS" start="2024-02-29T11:25:59.813521" elapsed="0.000281"/>
</kw>
<kw name="Log" owner="BuiltIn">
<msg time="2024-02-29T11:25:59.814026" level="INFO">{'nome': 'Bruna Neves', 'email': 'mulg@emailtest.com', 'password': '1234', 'administrador': 'true'}</msg>
<arg>${BODY}</arg>
<doc>Logs the given message with the given level.</doc>
<status status="PASS" start="2024-02-29T11:25:59.813910" elapsed="0.000155"/>
</kw>
<kw name="Create Session in ServeRest" owner="api_testing_users">
<kw name="Create Dictionary" owner="BuiltIn">
<msg time="2024-02-29T11:25:59.814592" level="INFO">${HEADERS} = {'accept': 'application/json', 'Content-Type': 'application/json'}</msg>
<var>${HEADERS}</var>
<arg>accept=application/json</arg>
<arg>Content-Type=application/json</arg>
<doc>Creates and returns a dictionary based on the given ``items``.</doc>
<status status="PASS" start="2024-02-29T11:25:59.814413" elapsed="0.000202"/>
</kw>
<kw name="Create Session" owner="RequestsLibrary">
<msg time="2024-02-29T11:25:59.814904" level="INFO">Creating Session using : alias=ServeRest, url=https://serverest.dev, headers={'accept': 'application/json', 'Content-Type': 'application/json'},                     cookies={}, auth=None, timeout=None, proxies=None, verify=False,                     debug=0 </msg>
<arg>alias=ServeRest</arg>
<arg>url=https://serverest.dev</arg>
<arg>headers=${HEADERS}</arg>
<doc>Create Session: create a HTTP session to a server</doc>
<status status="PASS" start="2024-02-29T11:25:59.814722" elapsed="0.000547"/>
</kw>
<status status="PASS" start="2024-02-29T11:25:59.814191" elapsed="0.001142"/>
</kw>
<kw name="POST On Session" owner="RequestsLibrary">
<msg time="2024-02-29T11:26:00.010659" level="INFO">POST Request : url=https://serverest.dev/usuarios 
 path_url=/usuarios 
 headers={'User-Agent': 'python-requests/2.31.0', 'Accept-Encoding': 'gzip, deflate', 'accept': 'application/json', 'Connection': 'keep-alive', 'Content-Type': 'application/json', 'Content-Length': '99'} 
 body=b'{"nome": "Bruna Neves", "email": "mulg@emailtest.com", "password": "1234", "administrador": "true"}' 
 </msg>
<msg time="2024-02-29T11:26:00.010993" level="INFO">POST Response : url=https://serverest.dev/usuarios 
 status=201, reason=Created 
 headers={'access-control-allow-origin': '*', 'x-dns-prefetch-control': 'off', 'x-frame-options': 'SAMEORIGIN', 'strict-transport-security': 'max-age=15552000; includeSubDomains', 'x-download-options': 'noopen', 'x-content-type-options': 'nosniff', 'x-xss-protection': '1; mode=block', 'content-type': 'application/json; charset=utf-8', 'X-Cloud-Trace-Context': '4011f95e28c64a0c41a3cb7b27705ea8', 'Date': 'Thu, 29 Feb 2024 09:25:59 GMT', 'Server': 'Google Frontend', 'Content-Length': '82'} 
 body={
    "message": "Cadastro realizado com sucesso",
    "_id": "qymczbNkulEDUJS7"
} 
 </msg>
<msg time="2024-02-29T11:26:00.011147" level="INFO">/Library/Frameworks/Python.framework/Versions/3.11/lib/python3.11/site-packages/urllib3/connectionpool.py:1095: InsecureRequestWarning: Unverified HTTPS request is being made to host 'serverest.dev'. Adding certificate verification is strongly advised. See: https://urllib3.readthedocs.io/en/latest/advanced-usage.html#tls-warnings
  warnings.warn(</msg>
<msg time="2024-02-29T11:26:00.011404" level="INFO">${RESP} = &lt;Response [201]&gt;</msg>
<var>${RESP}</var>
<arg>alias=ServeRest</arg>
<arg>url=/usuarios</arg>
<arg>json=${BODY}</arg>
<arg>expected_status=${status_code}</arg>
<doc>Sends a POST request on a previously created HTTP Session.</doc>
<status status="PASS" start="2024-02-29T11:25:59.815425" elapsed="0.196035"/>
</kw>
<kw name="Log" owner="BuiltIn">
<msg time="2024-02-29T11:26:00.012948" level="INFO">{'message': 'Cadastro realizado com sucesso', '_id': 'qymczbNkulEDUJS7'}</msg>
<arg>${RESP.json()}</arg>
<doc>Logs the given message with the given level.</doc>
<status status="PASS" start="2024-02-29T11:26:00.011779" elapsed="0.001245"/>
</kw>
<kw name="Set Test Variable" owner="BuiltIn">
<msg time="2024-02-29T11:26:00.014846" level="INFO">${RESPONSE} = {'message': 'Cadastro realizado com sucesso', '_id': 'qymczbNkulEDUJS7'}</msg>
<arg>${RESPONSE}</arg>
<arg>${RESP.json()}</arg>
<doc>Makes a variable available everywhere within the scope of the current test.</doc>
<status status="PASS" start="2024-02-29T11:26:00.013312" elapsed="0.001613"/>
</kw>
<arg>email=${EMAIL_TEST}</arg>
<arg>status_code=201</arg>
<status status="PASS" start="2024-02-29T11:25:59.813166" elapsed="0.201869"/>
</kw>
<kw name="Repeat user registrantion" owner="api_testing_users">
<kw name="Registering a user using the ServeRest API" owner="api_testing_users">
<kw name="Create Dictionary" owner="BuiltIn">
<msg time="2024-02-29T11:26:00.017302" level="INFO">${BODY} = {'nome': 'Bruna Neves', 'email': 'mulg@emailtest.com', 'password': '1234', 'administrador': 'true'}</msg>
<var>${BODY}</var>
<arg>nome=Bruna Neves</arg>
<arg>email=${EMAIL_TEST}</arg>
<arg>password=1234</arg>
<arg>administrador=true</arg>
<doc>Creates and returns a dictionary based on the given ``items``.</doc>
<status status="PASS" start="2024-02-29T11:26:00.016658" elapsed="0.000680"/>
</kw>
<kw name="Log" owner="BuiltIn">
<msg time="2024-02-29T11:26:00.017650" level="INFO">{'nome': 'Bruna Neves', 'email': 'mulg@emailtest.com', 'password': '1234', 'administrador': 'true'}</msg>
<arg>${BODY}</arg>
<doc>Logs the given message with the given level.</doc>
<status status="PASS" start="2024-02-29T11:26:00.017497" elapsed="0.000204"/>
</kw>
<kw name="Create Session in ServeRest" owner="api_testing_users">
<kw name="Create Dictionary" owner="BuiltIn">
<msg time="2024-02-29T11:26:00.018345" level="INFO">${HEADERS} = {'accept': 'application/json', 'Content-Type': 'application/json'}</msg>
<var>${HEADERS}</var>
<arg>accept=application/json</arg>
<arg>Content-Type=application/json</arg>
<doc>Creates and returns a dictionary based on the given ``items``.</doc>
<status status="PASS" start="2024-02-29T11:26:00.018145" elapsed="0.000230"/>
</kw>
<kw name="Create Session" owner="RequestsLibrary">
<msg time="2024-02-29T11:26:00.018719" level="INFO">Creating Session using : alias=ServeRest, url=https://serverest.dev, headers={'accept': 'application/json', 'Content-Type': 'application/json'},                     cookies={}, auth=None, timeout=None, proxies=None, verify=False,                     debug=0 </msg>
<arg>alias=ServeRest</arg>
<arg>url=https://serverest.dev</arg>
<arg>headers=${HEADERS}</arg>
<doc>Create Session: create a HTTP session to a server</doc>
<status status="PASS" start="2024-02-29T11:26:00.018493" elapsed="0.000451"/>
</kw>
<status status="PASS" start="2024-02-29T11:26:00.017852" elapsed="0.001157"/>
</kw>
<kw name="POST On Session" owner="RequestsLibrary">
<msg time="2024-02-29T11:26:00.214334" level="INFO">POST Request : url=https://serverest.dev/usuarios 
 path_url=/usuarios 
 headers={'User-Agent': 'python-requests/2.31.0', 'Accept-Encoding': 'gzip, deflate', 'accept': 'application/json', 'Connection': 'keep-alive', 'Content-Type': 'application/json', 'Content-Length': '99'} 
 body=b'{"nome": "Bruna Neves", "email": "mulg@emailtest.com", "password": "1234", "administrador": "true"}' 
 </msg>
<msg time="2024-02-29T11:26:00.214416" level="INFO">POST Response : url=https://serverest.dev/usuarios 
 status=400, reason=Bad Request 
 headers={'access-control-allow-origin': '*', 'x-dns-prefetch-control': 'off', 'x-frame-options': 'SAMEORIGIN', 'strict-transport-security': 'max-age=15552000; includeSubDomains', 'x-download-options': 'noopen', 'x-content-type-options': 'nosniff', 'x-xss-protection': '1; mode=block', 'content-type': 'application/json; charset=utf-8', 'X-Cloud-Trace-Context': '63d2bbd0ddd96d5f367e19f21fa31ea8', 'Date': 'Thu, 29 Feb 2024 09:26:00 GMT', 'Server': 'Google Frontend', 'Content-Length': '53'} 
 body={
    "message": "Este email já está sendo usado"
} 
 </msg>
<msg time="2024-02-29T11:26:00.214479" level="INFO">/Library/Frameworks/Python.framework/Versions/3.11/lib/python3.11/site-packages/urllib3/connectionpool.py:1095: InsecureRequestWarning: Unverified HTTPS request is being made to host 'serverest.dev'. Adding certificate verification is strongly advised. See: https://urllib3.readthedocs.io/en/latest/advanced-usage.html#tls-warnings
  warnings.warn(</msg>
<msg time="2024-02-29T11:26:00.214595" level="INFO">${RESP} = &lt;Response [400]&gt;</msg>
<var>${RESP}</var>
<arg>alias=ServeRest</arg>
<arg>url=/usuarios</arg>
<arg>json=${BODY}</arg>
<arg>expected_status=${status_code}</arg>
<doc>Sends a POST request on a previously created HTTP Session.</doc>
<status status="PASS" start="2024-02-29T11:26:00.019100" elapsed="0.195518"/>
</kw>
<kw name="Log" owner="BuiltIn">
<msg time="2024-02-29T11:26:00.215291" level="INFO">{'message': 'Este email já está sendo usado'}</msg>
<arg>${RESP.json()}</arg>
<doc>Logs the given message with the given level.</doc>
<status status="PASS" start="2024-02-29T11:26:00.214768" elapsed="0.000573"/>
</kw>
<kw name="Set Test Variable" owner="BuiltIn">
<msg time="2024-02-29T11:26:00.215961" level="INFO">${RESPONSE} = {'message': 'Este email já está sendo usado'}</msg>
<arg>${RESPONSE}</arg>
<arg>${RESP.json()}</arg>
<doc>Makes a variable available everywhere within the scope of the current test.</doc>
<status status="PASS" start="2024-02-29T11:26:00.215458" elapsed="0.000545"/>
</kw>
<arg>email=${EMAIL_TEST}</arg>
<arg>status_code=400</arg>
<status status="PASS" start="2024-02-29T11:26:00.016191" elapsed="0.199874"/>
</kw>
<status status="PASS" start="2024-02-29T11:26:00.015531" elapsed="0.200584"/>
</kw>
<kw name="Check if the API did not register a repeat user" owner="api_testing_users">
<kw name="Dictionary Should Contain Item" owner="Collections">
<msg time="2024-02-29T11:26:00.216663" level="INFO">False
False</msg>
<arg>${RESPONSE}</arg>
<arg>message</arg>
<arg>Este email já está sendo usado</arg>
<doc>An item of ``key`` / ``value`` must be found in a ``dictionary``.</doc>
<status status="PASS" start="2024-02-29T11:26:00.216508" elapsed="0.000199"/>
</kw>
<status status="PASS" start="2024-02-29T11:26:00.216280" elapsed="0.000484"/>
</kw>
<status status="PASS" start="2024-02-29T11:25:59.810091" elapsed="0.406797"/>
</test>
<status status="PASS" start="2024-02-29T11:25:59.349738" elapsed="0.867492"/>
</suite>
<statistics>
<total>
<stat pass="2" fail="0" skip="0">All Tests</stat>
</total>
<tag>
</tag>
<suite>
<stat pass="2" fail="0" skip="0" id="s1" name="Api Testing Users">Api Testing Users</stat>
</suite>
</statistics>
<errors>
</errors>
</robot>
